[1.001s] Invoking command in '/media/michael/bach_SD_128GB/emo2/emo2.0/src/emo_3dvision': PYTHONPATH=/media/michael/bach_SD_128GB/emo2/emo2.0/install/emo_3dvision/lib/python3.8/site-packages:${PYTHONPATH} /usr/bin/python3 setup.py egg_info --egg-base ../../build/emo_3dvision build --build-base /media/michael/bach_SD_128GB/emo2/emo2.0/build/emo_3dvision/build install --prefix /media/michael/bach_SD_128GB/emo2/emo2.0/install/emo_3dvision --record /media/michael/bach_SD_128GB/emo2/emo2.0/build/emo_3dvision/install.log --single-version-externally-managed
[1.405s] running egg_info
[1.408s] creating ../../build/emo_3dvision/emo_3dvision.egg-info
[1.408s] writing ../../build/emo_3dvision/emo_3dvision.egg-info/PKG-INFO
[1.409s] writing dependency_links to ../../build/emo_3dvision/emo_3dvision.egg-info/dependency_links.txt
[1.410s] writing entry points to ../../build/emo_3dvision/emo_3dvision.egg-info/entry_points.txt
[1.411s] writing requirements to ../../build/emo_3dvision/emo_3dvision.egg-info/requires.txt
[1.411s] writing top-level names to ../../build/emo_3dvision/emo_3dvision.egg-info/top_level.txt
[1.413s] writing manifest file '../../build/emo_3dvision/emo_3dvision.egg-info/SOURCES.txt'
[1.495s] reading manifest file '../../build/emo_3dvision/emo_3dvision.egg-info/SOURCES.txt'
[1.498s] writing manifest file '../../build/emo_3dvision/emo_3dvision.egg-info/SOURCES.txt'
[1.498s] running build
[1.498s] running build_py
[1.498s] creating /media/michael/bach_SD_128GB/emo2/emo2.0/build/emo_3dvision/build
[1.498s] creating /media/michael/bach_SD_128GB/emo2/emo2.0/build/emo_3dvision/build/lib
[1.499s] creating /media/michael/bach_SD_128GB/emo2/emo2.0/build/emo_3dvision/build/lib/emo_3dvision
[1.499s] copying emo_3dvision/__init__.py -> /media/michael/bach_SD_128GB/emo2/emo2.0/build/emo_3dvision/build/lib/emo_3dvision
[1.499s] running install
[1.499s] running install_lib
[1.499s] creating /media/michael/bach_SD_128GB/emo2/emo2.0/install/emo_3dvision/lib/python3.8/site-packages/emo_3dvision
[1.499s] copying /media/michael/bach_SD_128GB/emo2/emo2.0/build/emo_3dvision/build/lib/emo_3dvision/__init__.py -> /media/michael/bach_SD_128GB/emo2/emo2.0/install/emo_3dvision/lib/python3.8/site-packages/emo_3dvision
[1.500s] byte-compiling /media/michael/bach_SD_128GB/emo2/emo2.0/install/emo_3dvision/lib/python3.8/site-packages/emo_3dvision/__init__.py to __init__.cpython-38.pyc
[1.501s] running install_data
[1.502s] creating /media/michael/bach_SD_128GB/emo2/emo2.0/install/emo_3dvision/share/ament_index
[1.502s] creating /media/michael/bach_SD_128GB/emo2/emo2.0/install/emo_3dvision/share/ament_index/resource_index
[1.503s] creating /media/michael/bach_SD_128GB/emo2/emo2.0/install/emo_3dvision/share/ament_index/resource_index/packages
[1.503s] copying resource/emo_3dvision -> /media/michael/bach_SD_128GB/emo2/emo2.0/install/emo_3dvision/share/ament_index/resource_index/packages
[1.503s] copying package.xml -> /media/michael/bach_SD_128GB/emo2/emo2.0/install/emo_3dvision/share/emo_3dvision
[1.503s] running install_egg_info
[1.506s] Copying ../../build/emo_3dvision/emo_3dvision.egg-info to /media/michael/bach_SD_128GB/emo2/emo2.0/install/emo_3dvision/lib/python3.8/site-packages/emo_3dvision-0.0.0-py3.8.egg-info
[1.508s] running install_scripts
[1.543s] writing list of installed files to '/media/michael/bach_SD_128GB/emo2/emo2.0/build/emo_3dvision/install.log'
[1.598s] Invoked command in '/media/michael/bach_SD_128GB/emo2/emo2.0/src/emo_3dvision' returned '0': PYTHONPATH=/media/michael/bach_SD_128GB/emo2/emo2.0/install/emo_3dvision/lib/python3.8/site-packages:${PYTHONPATH} /usr/bin/python3 setup.py egg_info --egg-base ../../build/emo_3dvision build --build-base /media/michael/bach_SD_128GB/emo2/emo2.0/build/emo_3dvision/build install --prefix /media/michael/bach_SD_128GB/emo2/emo2.0/install/emo_3dvision --record /media/michael/bach_SD_128GB/emo2/emo2.0/build/emo_3dvision/install.log --single-version-externally-managed
