[0.197s] DEBUG:colcon:Command line arguments: ['/usr/bin/colcon', 'build']
[0.197s] DEBUG:colcon:Parsed command line arguments: Namespace(ament_cmake_args=None, base_paths=['.'], build_base='build', catkin_cmake_args=None, catkin_skip_building_tests=False, cmake_args=None, cmake_clean_cache=False, cmake_clean_first=False, cmake_force_configure=False, cmake_target=None, cmake_target_skip_unavailable=False, continue_on_error=False, event_handlers=None, executor='parallel', ignore_user_meta=False, install_base='install', log_base=None, log_level=None, main=<bound method BuildVerb.main of <colcon_core.verb.build.BuildVerb object at 0x7f38cc8cbc70>>, merge_install=False, metas=['./colcon.meta'], packages_above=None, packages_above_and_dependencies=None, packages_above_depth=None, packages_end=None, packages_ignore=None, packages_ignore_regex=None, packages_select=None, packages_select_build_failed=False, packages_select_by_dep=None, packages_select_regex=None, packages_select_test_failures=False, packages_skip=None, packages_skip_build_finished=False, packages_skip_by_dep=None, packages_skip_regex=None, packages_skip_test_passed=False, packages_skip_up_to=None, packages_start=None, packages_up_to=None, packages_up_to_regex=None, parallel_workers=4, paths=None, symlink_install=False, test_result_base=None, verb_extension=<colcon_core.verb.build.BuildVerb object at 0x7f38cc8cbc70>, verb_name='build', verb_parser=<colcon_defaults.argument_parser.defaults.DefaultArgumentsDecorator object at 0x7f38cc8db220>)
[0.204s] Level 1:colcon.colcon_core.package_discovery:discover_packages(colcon_meta) check parameters
[0.204s] Level 1:colcon.colcon_core.package_discovery:discover_packages(recursive) check parameters
[0.204s] Level 1:colcon.colcon_core.package_discovery:discover_packages(ignore) check parameters
[0.204s] Level 1:colcon.colcon_core.package_discovery:discover_packages(path) check parameters
[0.204s] Level 1:colcon.colcon_core.package_discovery:discover_packages(colcon_meta) discover
[0.205s] Level 1:colcon.colcon_core.package_discovery:discover_packages(recursive) discover
[0.205s] INFO:colcon.colcon_core.package_discovery:Crawling recursively for packages in '/media/michael/bach_SD_128GB/emo2/emo2.0'
[0.205s] Level 1:colcon.colcon_core.package_identification:_identify(.) by extensions ['ignore', 'ignore_ament_install']
[0.205s] Level 1:colcon.colcon_core.package_identification:_identify(.) by extension 'ignore'
[0.205s] Level 1:colcon.colcon_core.package_identification:_identify(.) by extension 'ignore_ament_install'
[0.205s] Level 1:colcon.colcon_core.package_identification:_identify(.) by extensions ['colcon_pkg']
[0.205s] Level 1:colcon.colcon_core.package_identification:_identify(.) by extension 'colcon_pkg'
[0.205s] Level 1:colcon.colcon_core.package_identification:_identify(.) by extensions ['colcon_meta']
[0.205s] Level 1:colcon.colcon_core.package_identification:_identify(.) by extension 'colcon_meta'
[0.205s] Level 1:colcon.colcon_core.package_identification:_identify(.) by extensions ['ros']
[0.205s] Level 1:colcon.colcon_core.package_identification:_identify(.) by extension 'ros'
[0.221s] Level 1:colcon.colcon_core.package_identification:_identify(.) by extensions ['cmake', 'python']
[0.221s] Level 1:colcon.colcon_core.package_identification:_identify(.) by extension 'cmake'
[0.221s] Level 1:colcon.colcon_core.package_identification:_identify(.) by extension 'python'
[0.222s] Level 1:colcon.colcon_core.package_identification:_identify(.) by extensions ['python_setup_py']
[0.222s] Level 1:colcon.colcon_core.package_identification:_identify(.) by extension 'python_setup_py'
[0.222s] Level 1:colcon.colcon_core.package_identification:_identify(build) by extensions ['ignore', 'ignore_ament_install']
[0.222s] Level 1:colcon.colcon_core.package_identification:_identify(build) by extension 'ignore'
[0.222s] Level 1:colcon.colcon_core.package_identification:_identify(build) ignored
[0.222s] Level 1:colcon.colcon_core.package_identification:_identify(install) by extensions ['ignore', 'ignore_ament_install']
[0.222s] Level 1:colcon.colcon_core.package_identification:_identify(install) by extension 'ignore'
[0.222s] Level 1:colcon.colcon_core.package_identification:_identify(install) ignored
[0.222s] Level 1:colcon.colcon_core.package_identification:_identify(log) by extensions ['ignore', 'ignore_ament_install']
[0.223s] Level 1:colcon.colcon_core.package_identification:_identify(log) by extension 'ignore'
[0.223s] Level 1:colcon.colcon_core.package_identification:_identify(log) ignored
[0.223s] Level 1:colcon.colcon_core.package_identification:_identify(src) by extensions ['ignore', 'ignore_ament_install']
[0.223s] Level 1:colcon.colcon_core.package_identification:_identify(src) by extension 'ignore'
[0.223s] Level 1:colcon.colcon_core.package_identification:_identify(src) by extension 'ignore_ament_install'
[0.223s] Level 1:colcon.colcon_core.package_identification:_identify(src) by extensions ['colcon_pkg']
[0.223s] Level 1:colcon.colcon_core.package_identification:_identify(src) by extension 'colcon_pkg'
[0.223s] Level 1:colcon.colcon_core.package_identification:_identify(src) by extensions ['colcon_meta']
[0.223s] Level 1:colcon.colcon_core.package_identification:_identify(src) by extension 'colcon_meta'
[0.223s] Level 1:colcon.colcon_core.package_identification:_identify(src) by extensions ['ros']
[0.223s] Level 1:colcon.colcon_core.package_identification:_identify(src) by extension 'ros'
[0.224s] Level 1:colcon.colcon_core.package_identification:_identify(src) by extensions ['cmake', 'python']
[0.224s] Level 1:colcon.colcon_core.package_identification:_identify(src) by extension 'cmake'
[0.224s] Level 1:colcon.colcon_core.package_identification:_identify(src) by extension 'python'
[0.224s] Level 1:colcon.colcon_core.package_identification:_identify(src) by extensions ['python_setup_py']
[0.224s] Level 1:colcon.colcon_core.package_identification:_identify(src) by extension 'python_setup_py'
[0.224s] Level 1:colcon.colcon_core.package_identification:_identify(src/emo_3dvision) by extensions ['ignore', 'ignore_ament_install']
[0.224s] Level 1:colcon.colcon_core.package_identification:_identify(src/emo_3dvision) by extension 'ignore'
[0.224s] Level 1:colcon.colcon_core.package_identification:_identify(src/emo_3dvision) by extension 'ignore_ament_install'
[0.224s] Level 1:colcon.colcon_core.package_identification:_identify(src/emo_3dvision) by extensions ['colcon_pkg']
[0.225s] Level 1:colcon.colcon_core.package_identification:_identify(src/emo_3dvision) by extension 'colcon_pkg'
[0.225s] Level 1:colcon.colcon_core.package_identification:_identify(src/emo_3dvision) by extensions ['colcon_meta']
[0.225s] Level 1:colcon.colcon_core.package_identification:_identify(src/emo_3dvision) by extension 'colcon_meta'
[0.225s] Level 1:colcon.colcon_core.package_identification:_identify(src/emo_3dvision) by extensions ['ros']
[0.225s] Level 1:colcon.colcon_core.package_identification:_identify(src/emo_3dvision) by extension 'ros'
[0.229s] DEBUG:colcon.colcon_core.package_identification:Package 'src/emo_3dvision' with type 'ros.ament_python' and name 'emo_3dvision'
[0.229s] Level 1:colcon.colcon_core.package_identification:_identify(src/emo_drive) by extensions ['ignore', 'ignore_ament_install']
[0.229s] Level 1:colcon.colcon_core.package_identification:_identify(src/emo_drive) by extension 'ignore'
[0.229s] Level 1:colcon.colcon_core.package_identification:_identify(src/emo_drive) by extension 'ignore_ament_install'
[0.229s] Level 1:colcon.colcon_core.package_identification:_identify(src/emo_drive) by extensions ['colcon_pkg']
[0.229s] Level 1:colcon.colcon_core.package_identification:_identify(src/emo_drive) by extension 'colcon_pkg'
[0.229s] Level 1:colcon.colcon_core.package_identification:_identify(src/emo_drive) by extensions ['colcon_meta']
[0.229s] Level 1:colcon.colcon_core.package_identification:_identify(src/emo_drive) by extension 'colcon_meta'
[0.229s] Level 1:colcon.colcon_core.package_identification:_identify(src/emo_drive) by extensions ['ros']
[0.229s] Level 1:colcon.colcon_core.package_identification:_identify(src/emo_drive) by extension 'ros'
[0.230s] DEBUG:colcon.colcon_core.package_identification:Package 'src/emo_drive' with type 'ros.ament_python' and name 'emo_drive'
[0.231s] Level 1:colcon.colcon_core.package_identification:_identify(src/emo_head) by extensions ['ignore', 'ignore_ament_install']
[0.231s] Level 1:colcon.colcon_core.package_identification:_identify(src/emo_head) by extension 'ignore'
[0.231s] Level 1:colcon.colcon_core.package_identification:_identify(src/emo_head) by extension 'ignore_ament_install'
[0.231s] Level 1:colcon.colcon_core.package_identification:_identify(src/emo_head) by extensions ['colcon_pkg']
[0.231s] Level 1:colcon.colcon_core.package_identification:_identify(src/emo_head) by extension 'colcon_pkg'
[0.231s] Level 1:colcon.colcon_core.package_identification:_identify(src/emo_head) by extensions ['colcon_meta']
[0.231s] Level 1:colcon.colcon_core.package_identification:_identify(src/emo_head) by extension 'colcon_meta'
[0.231s] Level 1:colcon.colcon_core.package_identification:_identify(src/emo_head) by extensions ['ros']
[0.231s] Level 1:colcon.colcon_core.package_identification:_identify(src/emo_head) by extension 'ros'
[0.232s] DEBUG:colcon.colcon_core.package_identification:Package 'src/emo_head' with type 'ros.ament_python' and name 'emo_head'
[0.233s] Level 1:colcon.colcon_core.package_identification:_identify(src/emo_lidar) by extensions ['ignore', 'ignore_ament_install']
[0.233s] Level 1:colcon.colcon_core.package_identification:_identify(src/emo_lidar) by extension 'ignore'
[0.233s] Level 1:colcon.colcon_core.package_identification:_identify(src/emo_lidar) by extension 'ignore_ament_install'
[0.233s] Level 1:colcon.colcon_core.package_identification:_identify(src/emo_lidar) by extensions ['colcon_pkg']
[0.233s] Level 1:colcon.colcon_core.package_identification:_identify(src/emo_lidar) by extension 'colcon_pkg'
[0.233s] Level 1:colcon.colcon_core.package_identification:_identify(src/emo_lidar) by extensions ['colcon_meta']
[0.233s] Level 1:colcon.colcon_core.package_identification:_identify(src/emo_lidar) by extension 'colcon_meta'
[0.233s] Level 1:colcon.colcon_core.package_identification:_identify(src/emo_lidar) by extensions ['ros']
[0.233s] Level 1:colcon.colcon_core.package_identification:_identify(src/emo_lidar) by extension 'ros'
[0.234s] DEBUG:colcon.colcon_core.package_identification:Package 'src/emo_lidar' with type 'ros.ament_python' and name 'emo_lidar'
[0.234s] Level 1:colcon.colcon_core.package_identification:_identify(src/emo_power) by extensions ['ignore', 'ignore_ament_install']
[0.234s] Level 1:colcon.colcon_core.package_identification:_identify(src/emo_power) by extension 'ignore'
[0.234s] Level 1:colcon.colcon_core.package_identification:_identify(src/emo_power) by extension 'ignore_ament_install'
[0.234s] Level 1:colcon.colcon_core.package_identification:_identify(src/emo_power) by extensions ['colcon_pkg']
[0.234s] Level 1:colcon.colcon_core.package_identification:_identify(src/emo_power) by extension 'colcon_pkg'
[0.234s] Level 1:colcon.colcon_core.package_identification:_identify(src/emo_power) by extensions ['colcon_meta']
[0.235s] Level 1:colcon.colcon_core.package_identification:_identify(src/emo_power) by extension 'colcon_meta'
[0.235s] Level 1:colcon.colcon_core.package_identification:_identify(src/emo_power) by extensions ['ros']
[0.235s] Level 1:colcon.colcon_core.package_identification:_identify(src/emo_power) by extension 'ros'
[0.236s] DEBUG:colcon.colcon_core.package_identification:Package 'src/emo_power' with type 'ros.ament_python' and name 'emo_power'
[0.236s] Level 1:colcon.colcon_core.package_identification:_identify(src/emo_proto) by extensions ['ignore', 'ignore_ament_install']
[0.236s] Level 1:colcon.colcon_core.package_identification:_identify(src/emo_proto) by extension 'ignore'
[0.236s] Level 1:colcon.colcon_core.package_identification:_identify(src/emo_proto) by extension 'ignore_ament_install'
[0.236s] Level 1:colcon.colcon_core.package_identification:_identify(src/emo_proto) by extensions ['colcon_pkg']
[0.236s] Level 1:colcon.colcon_core.package_identification:_identify(src/emo_proto) by extension 'colcon_pkg'
[0.237s] Level 1:colcon.colcon_core.package_identification:_identify(src/emo_proto) by extensions ['colcon_meta']
[0.237s] Level 1:colcon.colcon_core.package_identification:_identify(src/emo_proto) by extension 'colcon_meta'
[0.237s] Level 1:colcon.colcon_core.package_identification:_identify(src/emo_proto) by extensions ['ros']
[0.237s] Level 1:colcon.colcon_core.package_identification:_identify(src/emo_proto) by extension 'ros'
[0.238s] DEBUG:colcon.colcon_core.package_identification:Package 'src/emo_proto' with type 'ros.ament_python' and name 'emo_proto'
[0.238s] Level 1:colcon.colcon_core.package_identification:_identify(src/emo_proximity) by extensions ['ignore', 'ignore_ament_install']
[0.238s] Level 1:colcon.colcon_core.package_identification:_identify(src/emo_proximity) by extension 'ignore'
[0.238s] Level 1:colcon.colcon_core.package_identification:_identify(src/emo_proximity) by extension 'ignore_ament_install'
[0.238s] Level 1:colcon.colcon_core.package_identification:_identify(src/emo_proximity) by extensions ['colcon_pkg']
[0.238s] Level 1:colcon.colcon_core.package_identification:_identify(src/emo_proximity) by extension 'colcon_pkg'
[0.239s] Level 1:colcon.colcon_core.package_identification:_identify(src/emo_proximity) by extensions ['colcon_meta']
[0.239s] Level 1:colcon.colcon_core.package_identification:_identify(src/emo_proximity) by extension 'colcon_meta'
[0.239s] Level 1:colcon.colcon_core.package_identification:_identify(src/emo_proximity) by extensions ['ros']
[0.239s] Level 1:colcon.colcon_core.package_identification:_identify(src/emo_proximity) by extension 'ros'
[0.239s] DEBUG:colcon.colcon_core.package_identification:Package 'src/emo_proximity' with type 'ros.ament_python' and name 'emo_proximity'
[0.240s] Level 1:colcon.colcon_core.package_identification:_identify(src/emo_vision) by extensions ['ignore', 'ignore_ament_install']
[0.240s] Level 1:colcon.colcon_core.package_identification:_identify(src/emo_vision) by extension 'ignore'
[0.240s] Level 1:colcon.colcon_core.package_identification:_identify(src/emo_vision) by extension 'ignore_ament_install'
[0.240s] Level 1:colcon.colcon_core.package_identification:_identify(src/emo_vision) by extensions ['colcon_pkg']
[0.240s] Level 1:colcon.colcon_core.package_identification:_identify(src/emo_vision) by extension 'colcon_pkg'
[0.240s] Level 1:colcon.colcon_core.package_identification:_identify(src/emo_vision) by extensions ['colcon_meta']
[0.240s] Level 1:colcon.colcon_core.package_identification:_identify(src/emo_vision) by extension 'colcon_meta'
[0.240s] Level 1:colcon.colcon_core.package_identification:_identify(src/emo_vision) by extensions ['ros']
[0.240s] Level 1:colcon.colcon_core.package_identification:_identify(src/emo_vision) by extension 'ros'
[0.241s] DEBUG:colcon.colcon_core.package_identification:Package 'src/emo_vision' with type 'ros.ament_python' and name 'emo_vision'
[0.241s] Level 1:colcon.colcon_core.package_identification:_identify(src/emo_voice) by extensions ['ignore', 'ignore_ament_install']
[0.242s] Level 1:colcon.colcon_core.package_identification:_identify(src/emo_voice) by extension 'ignore'
[0.242s] Level 1:colcon.colcon_core.package_identification:_identify(src/emo_voice) by extension 'ignore_ament_install'
[0.242s] Level 1:colcon.colcon_core.package_identification:_identify(src/emo_voice) by extensions ['colcon_pkg']
[0.242s] Level 1:colcon.colcon_core.package_identification:_identify(src/emo_voice) by extension 'colcon_pkg'
[0.242s] Level 1:colcon.colcon_core.package_identification:_identify(src/emo_voice) by extensions ['colcon_meta']
[0.242s] Level 1:colcon.colcon_core.package_identification:_identify(src/emo_voice) by extension 'colcon_meta'
[0.242s] Level 1:colcon.colcon_core.package_identification:_identify(src/emo_voice) by extensions ['ros']
[0.242s] Level 1:colcon.colcon_core.package_identification:_identify(src/emo_voice) by extension 'ros'
[0.243s] DEBUG:colcon.colcon_core.package_identification:Package 'src/emo_voice' with type 'ros.ament_python' and name 'emo_voice'
[0.244s] Level 1:colcon.colcon_core.package_discovery:discover_packages(recursive) using defaults
[0.244s] Level 1:colcon.colcon_core.package_discovery:discover_packages(ignore) discover
[0.244s] Level 1:colcon.colcon_core.package_discovery:discover_packages(ignore) using defaults
[0.244s] Level 1:colcon.colcon_core.package_discovery:discover_packages(path) discover
[0.244s] Level 1:colcon.colcon_core.package_discovery:discover_packages(path) using defaults
[0.281s] Level 5:colcon.colcon_core.verb:set package 'emo_3dvision' build argument 'cmake_args' from command line to 'None'
[0.281s] Level 5:colcon.colcon_core.verb:set package 'emo_3dvision' build argument 'cmake_target' from command line to 'None'
[0.281s] Level 5:colcon.colcon_core.verb:set package 'emo_3dvision' build argument 'cmake_target_skip_unavailable' from command line to 'False'
[0.281s] Level 5:colcon.colcon_core.verb:set package 'emo_3dvision' build argument 'cmake_clean_cache' from command line to 'False'
[0.281s] Level 5:colcon.colcon_core.verb:set package 'emo_3dvision' build argument 'cmake_clean_first' from command line to 'False'
[0.281s] Level 5:colcon.colcon_core.verb:set package 'emo_3dvision' build argument 'cmake_force_configure' from command line to 'False'
[0.281s] Level 5:colcon.colcon_core.verb:set package 'emo_3dvision' build argument 'ament_cmake_args' from command line to 'None'
[0.281s] Level 5:colcon.colcon_core.verb:set package 'emo_3dvision' build argument 'catkin_cmake_args' from command line to 'None'
[0.281s] Level 5:colcon.colcon_core.verb:set package 'emo_3dvision' build argument 'catkin_skip_building_tests' from command line to 'False'
[0.281s] DEBUG:colcon.colcon_core.verb:Building package 'emo_3dvision' with the following arguments: {'ament_cmake_args': None, 'build_base': '/media/michael/bach_SD_128GB/emo2/emo2.0/build/emo_3dvision', 'catkin_cmake_args': None, 'catkin_skip_building_tests': False, 'cmake_args': None, 'cmake_clean_cache': False, 'cmake_clean_first': False, 'cmake_force_configure': False, 'cmake_target': None, 'cmake_target_skip_unavailable': False, 'install_base': '/media/michael/bach_SD_128GB/emo2/emo2.0/install/emo_3dvision', 'merge_install': False, 'path': '/media/michael/bach_SD_128GB/emo2/emo2.0/src/emo_3dvision', 'symlink_install': False, 'test_result_base': None}
[0.285s] Level 5:colcon.colcon_core.verb:set package 'emo_drive' build argument 'cmake_args' from command line to 'None'
[0.285s] Level 5:colcon.colcon_core.verb:set package 'emo_drive' build argument 'cmake_target' from command line to 'None'
[0.286s] Level 5:colcon.colcon_core.verb:set package 'emo_drive' build argument 'cmake_target_skip_unavailable' from command line to 'False'
[0.286s] Level 5:colcon.colcon_core.verb:set package 'emo_drive' build argument 'cmake_clean_cache' from command line to 'False'
[0.286s] Level 5:colcon.colcon_core.verb:set package 'emo_drive' build argument 'cmake_clean_first' from command line to 'False'
[0.286s] Level 5:colcon.colcon_core.verb:set package 'emo_drive' build argument 'cmake_force_configure' from command line to 'False'
[0.286s] Level 5:colcon.colcon_core.verb:set package 'emo_drive' build argument 'ament_cmake_args' from command line to 'None'
[0.286s] Level 5:colcon.colcon_core.verb:set package 'emo_drive' build argument 'catkin_cmake_args' from command line to 'None'
[0.286s] Level 5:colcon.colcon_core.verb:set package 'emo_drive' build argument 'catkin_skip_building_tests' from command line to 'False'
[0.286s] DEBUG:colcon.colcon_core.verb:Building package 'emo_drive' with the following arguments: {'ament_cmake_args': None, 'build_base': '/media/michael/bach_SD_128GB/emo2/emo2.0/build/emo_drive', 'catkin_cmake_args': None, 'catkin_skip_building_tests': False, 'cmake_args': None, 'cmake_clean_cache': False, 'cmake_clean_first': False, 'cmake_force_configure': False, 'cmake_target': None, 'cmake_target_skip_unavailable': False, 'install_base': '/media/michael/bach_SD_128GB/emo2/emo2.0/install/emo_drive', 'merge_install': False, 'path': '/media/michael/bach_SD_128GB/emo2/emo2.0/src/emo_drive', 'symlink_install': False, 'test_result_base': None}
[0.289s] Level 5:colcon.colcon_core.verb:set package 'emo_head' build argument 'cmake_args' from command line to 'None'
[0.289s] Level 5:colcon.colcon_core.verb:set package 'emo_head' build argument 'cmake_target' from command line to 'None'
[0.289s] Level 5:colcon.colcon_core.verb:set package 'emo_head' build argument 'cmake_target_skip_unavailable' from command line to 'False'
[0.289s] Level 5:colcon.colcon_core.verb:set package 'emo_head' build argument 'cmake_clean_cache' from command line to 'False'
[0.289s] Level 5:colcon.colcon_core.verb:set package 'emo_head' build argument 'cmake_clean_first' from command line to 'False'
[0.290s] Level 5:colcon.colcon_core.verb:set package 'emo_head' build argument 'cmake_force_configure' from command line to 'False'
[0.290s] Level 5:colcon.colcon_core.verb:set package 'emo_head' build argument 'ament_cmake_args' from command line to 'None'
[0.290s] Level 5:colcon.colcon_core.verb:set package 'emo_head' build argument 'catkin_cmake_args' from command line to 'None'
[0.290s] Level 5:colcon.colcon_core.verb:set package 'emo_head' build argument 'catkin_skip_building_tests' from command line to 'False'
[0.290s] DEBUG:colcon.colcon_core.verb:Building package 'emo_head' with the following arguments: {'ament_cmake_args': None, 'build_base': '/media/michael/bach_SD_128GB/emo2/emo2.0/build/emo_head', 'catkin_cmake_args': None, 'catkin_skip_building_tests': False, 'cmake_args': None, 'cmake_clean_cache': False, 'cmake_clean_first': False, 'cmake_force_configure': False, 'cmake_target': None, 'cmake_target_skip_unavailable': False, 'install_base': '/media/michael/bach_SD_128GB/emo2/emo2.0/install/emo_head', 'merge_install': False, 'path': '/media/michael/bach_SD_128GB/emo2/emo2.0/src/emo_head', 'symlink_install': False, 'test_result_base': None}
[0.295s] Level 5:colcon.colcon_core.verb:set package 'emo_lidar' build argument 'cmake_args' from command line to 'None'
[0.295s] Level 5:colcon.colcon_core.verb:set package 'emo_lidar' build argument 'cmake_target' from command line to 'None'
[0.295s] Level 5:colcon.colcon_core.verb:set package 'emo_lidar' build argument 'cmake_target_skip_unavailable' from command line to 'False'
[0.295s] Level 5:colcon.colcon_core.verb:set package 'emo_lidar' build argument 'cmake_clean_cache' from command line to 'False'
[0.295s] Level 5:colcon.colcon_core.verb:set package 'emo_lidar' build argument 'cmake_clean_first' from command line to 'False'
[0.295s] Level 5:colcon.colcon_core.verb:set package 'emo_lidar' build argument 'cmake_force_configure' from command line to 'False'
[0.295s] Level 5:colcon.colcon_core.verb:set package 'emo_lidar' build argument 'ament_cmake_args' from command line to 'None'
[0.295s] Level 5:colcon.colcon_core.verb:set package 'emo_lidar' build argument 'catkin_cmake_args' from command line to 'None'
[0.295s] Level 5:colcon.colcon_core.verb:set package 'emo_lidar' build argument 'catkin_skip_building_tests' from command line to 'False'
[0.295s] DEBUG:colcon.colcon_core.verb:Building package 'emo_lidar' with the following arguments: {'ament_cmake_args': None, 'build_base': '/media/michael/bach_SD_128GB/emo2/emo2.0/build/emo_lidar', 'catkin_cmake_args': None, 'catkin_skip_building_tests': False, 'cmake_args': None, 'cmake_clean_cache': False, 'cmake_clean_first': False, 'cmake_force_configure': False, 'cmake_target': None, 'cmake_target_skip_unavailable': False, 'install_base': '/media/michael/bach_SD_128GB/emo2/emo2.0/install/emo_lidar', 'merge_install': False, 'path': '/media/michael/bach_SD_128GB/emo2/emo2.0/src/emo_lidar', 'symlink_install': False, 'test_result_base': None}
[0.299s] Level 5:colcon.colcon_core.verb:set package 'emo_power' build argument 'cmake_args' from command line to 'None'
[0.299s] Level 5:colcon.colcon_core.verb:set package 'emo_power' build argument 'cmake_target' from command line to 'None'
[0.299s] Level 5:colcon.colcon_core.verb:set package 'emo_power' build argument 'cmake_target_skip_unavailable' from command line to 'False'
[0.300s] Level 5:colcon.colcon_core.verb:set package 'emo_power' build argument 'cmake_clean_cache' from command line to 'False'
[0.300s] Level 5:colcon.colcon_core.verb:set package 'emo_power' build argument 'cmake_clean_first' from command line to 'False'
[0.300s] Level 5:colcon.colcon_core.verb:set package 'emo_power' build argument 'cmake_force_configure' from command line to 'False'
[0.300s] Level 5:colcon.colcon_core.verb:set package 'emo_power' build argument 'ament_cmake_args' from command line to 'None'
[0.300s] Level 5:colcon.colcon_core.verb:set package 'emo_power' build argument 'catkin_cmake_args' from command line to 'None'
[0.300s] Level 5:colcon.colcon_core.verb:set package 'emo_power' build argument 'catkin_skip_building_tests' from command line to 'False'
[0.300s] DEBUG:colcon.colcon_core.verb:Building package 'emo_power' with the following arguments: {'ament_cmake_args': None, 'build_base': '/media/michael/bach_SD_128GB/emo2/emo2.0/build/emo_power', 'catkin_cmake_args': None, 'catkin_skip_building_tests': False, 'cmake_args': None, 'cmake_clean_cache': False, 'cmake_clean_first': False, 'cmake_force_configure': False, 'cmake_target': None, 'cmake_target_skip_unavailable': False, 'install_base': '/media/michael/bach_SD_128GB/emo2/emo2.0/install/emo_power', 'merge_install': False, 'path': '/media/michael/bach_SD_128GB/emo2/emo2.0/src/emo_power', 'symlink_install': False, 'test_result_base': None}
[0.303s] Level 5:colcon.colcon_core.verb:set package 'emo_proto' build argument 'cmake_args' from command line to 'None'
[0.303s] Level 5:colcon.colcon_core.verb:set package 'emo_proto' build argument 'cmake_target' from command line to 'None'
[0.303s] Level 5:colcon.colcon_core.verb:set package 'emo_proto' build argument 'cmake_target_skip_unavailable' from command line to 'False'
[0.304s] Level 5:colcon.colcon_core.verb:set package 'emo_proto' build argument 'cmake_clean_cache' from command line to 'False'
[0.304s] Level 5:colcon.colcon_core.verb:set package 'emo_proto' build argument 'cmake_clean_first' from command line to 'False'
[0.304s] Level 5:colcon.colcon_core.verb:set package 'emo_proto' build argument 'cmake_force_configure' from command line to 'False'
[0.304s] Level 5:colcon.colcon_core.verb:set package 'emo_proto' build argument 'ament_cmake_args' from command line to 'None'
[0.304s] Level 5:colcon.colcon_core.verb:set package 'emo_proto' build argument 'catkin_cmake_args' from command line to 'None'
[0.304s] Level 5:colcon.colcon_core.verb:set package 'emo_proto' build argument 'catkin_skip_building_tests' from command line to 'False'
[0.304s] DEBUG:colcon.colcon_core.verb:Building package 'emo_proto' with the following arguments: {'ament_cmake_args': None, 'build_base': '/media/michael/bach_SD_128GB/emo2/emo2.0/build/emo_proto', 'catkin_cmake_args': None, 'catkin_skip_building_tests': False, 'cmake_args': None, 'cmake_clean_cache': False, 'cmake_clean_first': False, 'cmake_force_configure': False, 'cmake_target': None, 'cmake_target_skip_unavailable': False, 'install_base': '/media/michael/bach_SD_128GB/emo2/emo2.0/install/emo_proto', 'merge_install': False, 'path': '/media/michael/bach_SD_128GB/emo2/emo2.0/src/emo_proto', 'symlink_install': False, 'test_result_base': None}
[0.307s] Level 5:colcon.colcon_core.verb:set package 'emo_proximity' build argument 'cmake_args' from command line to 'None'
[0.307s] Level 5:colcon.colcon_core.verb:set package 'emo_proximity' build argument 'cmake_target' from command line to 'None'
[0.307s] Level 5:colcon.colcon_core.verb:set package 'emo_proximity' build argument 'cmake_target_skip_unavailable' from command line to 'False'
[0.308s] Level 5:colcon.colcon_core.verb:set package 'emo_proximity' build argument 'cmake_clean_cache' from command line to 'False'
[0.308s] Level 5:colcon.colcon_core.verb:set package 'emo_proximity' build argument 'cmake_clean_first' from command line to 'False'
[0.308s] Level 5:colcon.colcon_core.verb:set package 'emo_proximity' build argument 'cmake_force_configure' from command line to 'False'
[0.308s] Level 5:colcon.colcon_core.verb:set package 'emo_proximity' build argument 'ament_cmake_args' from command line to 'None'
[0.308s] Level 5:colcon.colcon_core.verb:set package 'emo_proximity' build argument 'catkin_cmake_args' from command line to 'None'
[0.308s] Level 5:colcon.colcon_core.verb:set package 'emo_proximity' build argument 'catkin_skip_building_tests' from command line to 'False'
[0.308s] DEBUG:colcon.colcon_core.verb:Building package 'emo_proximity' with the following arguments: {'ament_cmake_args': None, 'build_base': '/media/michael/bach_SD_128GB/emo2/emo2.0/build/emo_proximity', 'catkin_cmake_args': None, 'catkin_skip_building_tests': False, 'cmake_args': None, 'cmake_clean_cache': False, 'cmake_clean_first': False, 'cmake_force_configure': False, 'cmake_target': None, 'cmake_target_skip_unavailable': False, 'install_base': '/media/michael/bach_SD_128GB/emo2/emo2.0/install/emo_proximity', 'merge_install': False, 'path': '/media/michael/bach_SD_128GB/emo2/emo2.0/src/emo_proximity', 'symlink_install': False, 'test_result_base': None}
[0.310s] Level 5:colcon.colcon_core.verb:set package 'emo_vision' build argument 'cmake_args' from command line to 'None'
[0.311s] Level 5:colcon.colcon_core.verb:set package 'emo_vision' build argument 'cmake_target' from command line to 'None'
[0.311s] Level 5:colcon.colcon_core.verb:set package 'emo_vision' build argument 'cmake_target_skip_unavailable' from command line to 'False'
[0.311s] Level 5:colcon.colcon_core.verb:set package 'emo_vision' build argument 'cmake_clean_cache' from command line to 'False'
[0.311s] Level 5:colcon.colcon_core.verb:set package 'emo_vision' build argument 'cmake_clean_first' from command line to 'False'
[0.311s] Level 5:colcon.colcon_core.verb:set package 'emo_vision' build argument 'cmake_force_configure' from command line to 'False'
[0.311s] Level 5:colcon.colcon_core.verb:set package 'emo_vision' build argument 'ament_cmake_args' from command line to 'None'
[0.311s] Level 5:colcon.colcon_core.verb:set package 'emo_vision' build argument 'catkin_cmake_args' from command line to 'None'
[0.311s] Level 5:colcon.colcon_core.verb:set package 'emo_vision' build argument 'catkin_skip_building_tests' from command line to 'False'
[0.311s] DEBUG:colcon.colcon_core.verb:Building package 'emo_vision' with the following arguments: {'ament_cmake_args': None, 'build_base': '/media/michael/bach_SD_128GB/emo2/emo2.0/build/emo_vision', 'catkin_cmake_args': None, 'catkin_skip_building_tests': False, 'cmake_args': None, 'cmake_clean_cache': False, 'cmake_clean_first': False, 'cmake_force_configure': False, 'cmake_target': None, 'cmake_target_skip_unavailable': False, 'install_base': '/media/michael/bach_SD_128GB/emo2/emo2.0/install/emo_vision', 'merge_install': False, 'path': '/media/michael/bach_SD_128GB/emo2/emo2.0/src/emo_vision', 'symlink_install': False, 'test_result_base': None}
[0.313s] Level 5:colcon.colcon_core.verb:set package 'emo_voice' build argument 'cmake_args' from command line to 'None'
[0.313s] Level 5:colcon.colcon_core.verb:set package 'emo_voice' build argument 'cmake_target' from command line to 'None'
[0.314s] Level 5:colcon.colcon_core.verb:set package 'emo_voice' build argument 'cmake_target_skip_unavailable' from command line to 'False'
[0.314s] Level 5:colcon.colcon_core.verb:set package 'emo_voice' build argument 'cmake_clean_cache' from command line to 'False'
[0.314s] Level 5:colcon.colcon_core.verb:set package 'emo_voice' build argument 'cmake_clean_first' from command line to 'False'
[0.314s] Level 5:colcon.colcon_core.verb:set package 'emo_voice' build argument 'cmake_force_configure' from command line to 'False'
[0.314s] Level 5:colcon.colcon_core.verb:set package 'emo_voice' build argument 'ament_cmake_args' from command line to 'None'
[0.314s] Level 5:colcon.colcon_core.verb:set package 'emo_voice' build argument 'catkin_cmake_args' from command line to 'None'
[0.314s] Level 5:colcon.colcon_core.verb:set package 'emo_voice' build argument 'catkin_skip_building_tests' from command line to 'False'
[0.314s] DEBUG:colcon.colcon_core.verb:Building package 'emo_voice' with the following arguments: {'ament_cmake_args': None, 'build_base': '/media/michael/bach_SD_128GB/emo2/emo2.0/build/emo_voice', 'catkin_cmake_args': None, 'catkin_skip_building_tests': False, 'cmake_args': None, 'cmake_clean_cache': False, 'cmake_clean_first': False, 'cmake_force_configure': False, 'cmake_target': None, 'cmake_target_skip_unavailable': False, 'install_base': '/media/michael/bach_SD_128GB/emo2/emo2.0/install/emo_voice', 'merge_install': False, 'path': '/media/michael/bach_SD_128GB/emo2/emo2.0/src/emo_voice', 'symlink_install': False, 'test_result_base': None}
[0.314s] INFO:colcon.colcon_core.executor:Executing jobs using 'parallel' executor
[0.317s] DEBUG:colcon.colcon_parallel_executor.executor.parallel:run_until_complete
[0.317s] INFO:colcon.colcon_ros.task.ament_python.build:Building ROS package in '/media/michael/bach_SD_128GB/emo2/emo2.0/src/emo_3dvision' with build type 'ament_python'
[0.317s] Level 1:colcon.colcon_core.shell:create_environment_hook('emo_3dvision', 'ament_prefix_path')
[0.322s] INFO:colcon.colcon_core.plugin_system:Skipping extension 'colcon_core.shell.bat': Not used on non-Windows systems
[0.322s] INFO:colcon.colcon_core.shell:Creating environment hook '/media/michael/bach_SD_128GB/emo2/emo2.0/install/emo_3dvision/share/emo_3dvision/hook/ament_prefix_path.ps1'
[0.323s] INFO:colcon.colcon_core.shell:Creating environment descriptor '/media/michael/bach_SD_128GB/emo2/emo2.0/install/emo_3dvision/share/emo_3dvision/hook/ament_prefix_path.dsv'
[0.323s] INFO:colcon.colcon_core.shell:Creating environment hook '/media/michael/bach_SD_128GB/emo2/emo2.0/install/emo_3dvision/share/emo_3dvision/hook/ament_prefix_path.sh'
[0.325s] INFO:colcon.colcon_core.shell:Skip shell extension 'powershell' for command environment: Not usable outside of PowerShell
[0.325s] DEBUG:colcon.colcon_core.shell:Skip shell extension 'dsv' for command environment
[0.327s] DEBUG:colcon.colcon_core.shell:Ignoring prefix path '/opt/ros/foxy'
[0.331s] INFO:colcon.colcon_ros.task.ament_python.build:Building ROS package in '/media/michael/bach_SD_128GB/emo2/emo2.0/src/emo_drive' with build type 'ament_python'
[0.332s] Level 1:colcon.colcon_core.shell:create_environment_hook('emo_drive', 'ament_prefix_path')
[0.333s] INFO:colcon.colcon_core.shell:Creating environment hook '/media/michael/bach_SD_128GB/emo2/emo2.0/install/emo_drive/share/emo_drive/hook/ament_prefix_path.ps1'
[0.334s] INFO:colcon.colcon_core.shell:Creating environment descriptor '/media/michael/bach_SD_128GB/emo2/emo2.0/install/emo_drive/share/emo_drive/hook/ament_prefix_path.dsv'
[0.334s] INFO:colcon.colcon_core.shell:Creating environment hook '/media/michael/bach_SD_128GB/emo2/emo2.0/install/emo_drive/share/emo_drive/hook/ament_prefix_path.sh'
[0.335s] INFO:colcon.colcon_core.shell:Skip shell extension 'powershell' for command environment: Not usable outside of PowerShell
[0.335s] DEBUG:colcon.colcon_core.shell:Skip shell extension 'dsv' for command environment
[0.337s] DEBUG:colcon.colcon_core.shell:Ignoring prefix path '/opt/ros/foxy'
[0.342s] INFO:colcon.colcon_ros.task.ament_python.build:Building ROS package in '/media/michael/bach_SD_128GB/emo2/emo2.0/src/emo_head' with build type 'ament_python'
[0.342s] Level 1:colcon.colcon_core.shell:create_environment_hook('emo_head', 'ament_prefix_path')
[0.344s] INFO:colcon.colcon_core.shell:Creating environment hook '/media/michael/bach_SD_128GB/emo2/emo2.0/install/emo_head/share/emo_head/hook/ament_prefix_path.ps1'
[0.345s] INFO:colcon.colcon_core.shell:Creating environment descriptor '/media/michael/bach_SD_128GB/emo2/emo2.0/install/emo_head/share/emo_head/hook/ament_prefix_path.dsv'
[0.346s] INFO:colcon.colcon_core.shell:Creating environment hook '/media/michael/bach_SD_128GB/emo2/emo2.0/install/emo_head/share/emo_head/hook/ament_prefix_path.sh'
[0.348s] INFO:colcon.colcon_core.shell:Skip shell extension 'powershell' for command environment: Not usable outside of PowerShell
[0.348s] DEBUG:colcon.colcon_core.shell:Skip shell extension 'dsv' for command environment
[0.350s] DEBUG:colcon.colcon_core.shell:Ignoring prefix path '/opt/ros/foxy'
[0.355s] INFO:colcon.colcon_ros.task.ament_python.build:Building ROS package in '/media/michael/bach_SD_128GB/emo2/emo2.0/src/emo_lidar' with build type 'ament_python'
[0.356s] Level 1:colcon.colcon_core.shell:create_environment_hook('emo_lidar', 'ament_prefix_path')
[0.357s] INFO:colcon.colcon_core.shell:Creating environment hook '/media/michael/bach_SD_128GB/emo2/emo2.0/install/emo_lidar/share/emo_lidar/hook/ament_prefix_path.ps1'
[0.358s] INFO:colcon.colcon_core.shell:Creating environment descriptor '/media/michael/bach_SD_128GB/emo2/emo2.0/install/emo_lidar/share/emo_lidar/hook/ament_prefix_path.dsv'
[0.359s] INFO:colcon.colcon_core.shell:Creating environment hook '/media/michael/bach_SD_128GB/emo2/emo2.0/install/emo_lidar/share/emo_lidar/hook/ament_prefix_path.sh'
[0.360s] INFO:colcon.colcon_core.shell:Skip shell extension 'powershell' for command environment: Not usable outside of PowerShell
[0.360s] DEBUG:colcon.colcon_core.shell:Skip shell extension 'dsv' for command environment
[0.362s] DEBUG:colcon.colcon_core.shell:Ignoring prefix path '/opt/ros/foxy'
[0.608s] INFO:colcon.colcon_core.task.python.build:Building Python package in '/media/michael/bach_SD_128GB/emo2/emo2.0/src/emo_3dvision'
[0.609s] INFO:colcon.colcon_core.shell:Skip shell extension 'powershell' for command environment: Not usable outside of PowerShell
[0.609s] DEBUG:colcon.colcon_core.shell:Skip shell extension 'dsv' for command environment
[0.611s] DEBUG:colcon.colcon_core.shell:Ignoring prefix path '/opt/ros/foxy'
[0.840s] INFO:colcon.colcon_core.task.python.build:Building Python package in '/media/michael/bach_SD_128GB/emo2/emo2.0/src/emo_drive'
[0.841s] INFO:colcon.colcon_core.shell:Skip shell extension 'powershell' for command environment: Not usable outside of PowerShell
[0.841s] DEBUG:colcon.colcon_core.shell:Skip shell extension 'dsv' for command environment
[0.843s] DEBUG:colcon.colcon_core.shell:Ignoring prefix path '/opt/ros/foxy'
[1.078s] INFO:colcon.colcon_core.task.python.build:Building Python package in '/media/michael/bach_SD_128GB/emo2/emo2.0/src/emo_head'
[1.080s] INFO:colcon.colcon_core.shell:Skip shell extension 'powershell' for command environment: Not usable outside of PowerShell
[1.080s] DEBUG:colcon.colcon_core.shell:Skip shell extension 'dsv' for command environment
[1.082s] DEBUG:colcon.colcon_core.shell:Ignoring prefix path '/opt/ros/foxy'
[1.309s] INFO:colcon.colcon_core.task.python.build:Building Python package in '/media/michael/bach_SD_128GB/emo2/emo2.0/src/emo_lidar'
[1.310s] INFO:colcon.colcon_core.shell:Skip shell extension 'powershell' for command environment: Not usable outside of PowerShell
[1.311s] DEBUG:colcon.colcon_core.shell:Skip shell extension 'dsv' for command environment
[1.312s] DEBUG:colcon.colcon_core.shell:Ignoring prefix path '/opt/ros/foxy'
[1.319s] DEBUG:colcon.colcon_core.event_handler.log_command:Invoking command in '/media/michael/bach_SD_128GB/emo2/emo2.0/src/emo_3dvision': PYTHONPATH=/media/michael/bach_SD_128GB/emo2/emo2.0/install/emo_3dvision/lib/python3.8/site-packages:${PYTHONPATH} /usr/bin/python3 setup.py egg_info --egg-base ../../build/emo_3dvision build --build-base /media/michael/bach_SD_128GB/emo2/emo2.0/build/emo_3dvision/build install --prefix /media/michael/bach_SD_128GB/emo2/emo2.0/install/emo_3dvision --record /media/michael/bach_SD_128GB/emo2/emo2.0/build/emo_3dvision/install.log --single-version-externally-managed
[1.331s] DEBUG:colcon.colcon_core.event_handler.log_command:Invoking command in '/media/michael/bach_SD_128GB/emo2/emo2.0/src/emo_drive': PYTHONPATH=/media/michael/bach_SD_128GB/emo2/emo2.0/install/emo_drive/lib/python3.8/site-packages:${PYTHONPATH} /usr/bin/python3 setup.py egg_info --egg-base ../../build/emo_drive build --build-base /media/michael/bach_SD_128GB/emo2/emo2.0/build/emo_drive/build install --prefix /media/michael/bach_SD_128GB/emo2/emo2.0/install/emo_drive --record /media/michael/bach_SD_128GB/emo2/emo2.0/build/emo_drive/install.log --single-version-externally-managed
[1.341s] DEBUG:colcon.colcon_core.event_handler.log_command:Invoking command in '/media/michael/bach_SD_128GB/emo2/emo2.0/src/emo_head': PYTHONPATH=/media/michael/bach_SD_128GB/emo2/emo2.0/install/emo_head/lib/python3.8/site-packages:${PYTHONPATH} /usr/bin/python3 setup.py egg_info --egg-base ../../build/emo_head build --build-base /media/michael/bach_SD_128GB/emo2/emo2.0/build/emo_head/build install --prefix /media/michael/bach_SD_128GB/emo2/emo2.0/install/emo_head --record /media/michael/bach_SD_128GB/emo2/emo2.0/build/emo_head/install.log --single-version-externally-managed
[1.357s] DEBUG:colcon.colcon_core.event_handler.log_command:Invoking command in '/media/michael/bach_SD_128GB/emo2/emo2.0/src/emo_lidar': PYTHONPATH=/media/michael/bach_SD_128GB/emo2/emo2.0/install/emo_lidar/lib/python3.8/site-packages:${PYTHONPATH} /usr/bin/python3 setup.py egg_info --egg-base ../../build/emo_lidar build --build-base /media/michael/bach_SD_128GB/emo2/emo2.0/build/emo_lidar/build install --prefix /media/michael/bach_SD_128GB/emo2/emo2.0/install/emo_lidar --record /media/michael/bach_SD_128GB/emo2/emo2.0/build/emo_lidar/install.log --single-version-externally-managed
[1.917s] DEBUG:colcon.colcon_core.event_handler.log_command:Invoked command in '/media/michael/bach_SD_128GB/emo2/emo2.0/src/emo_3dvision' returned '0': PYTHONPATH=/media/michael/bach_SD_128GB/emo2/emo2.0/install/emo_3dvision/lib/python3.8/site-packages:${PYTHONPATH} /usr/bin/python3 setup.py egg_info --egg-base ../../build/emo_3dvision build --build-base /media/michael/bach_SD_128GB/emo2/emo2.0/build/emo_3dvision/build install --prefix /media/michael/bach_SD_128GB/emo2/emo2.0/install/emo_3dvision --record /media/michael/bach_SD_128GB/emo2/emo2.0/build/emo_3dvision/install.log --single-version-externally-managed
[1.922s] Level 1:colcon.colcon_core.environment:checking '/media/michael/bach_SD_128GB/emo2/emo2.0/install/emo_3dvision' for CMake module files
[1.923s] Level 1:colcon.colcon_core.environment:checking '/media/michael/bach_SD_128GB/emo2/emo2.0/install/emo_3dvision' for CMake config files
[1.925s] Level 1:colcon.colcon_core.environment:checking '/media/michael/bach_SD_128GB/emo2/emo2.0/install/emo_3dvision/lib'
[1.925s] Level 1:colcon.colcon_core.environment:checking '/media/michael/bach_SD_128GB/emo2/emo2.0/install/emo_3dvision/bin'
[1.925s] Level 1:colcon.colcon_core.environment:checking '/media/michael/bach_SD_128GB/emo2/emo2.0/install/emo_3dvision/lib/pkgconfig/emo_3dvision.pc'
[1.926s] Level 1:colcon.colcon_core.environment:checking '/media/michael/bach_SD_128GB/emo2/emo2.0/install/emo_3dvision/lib/python3.8/site-packages'
[1.926s] Level 1:colcon.colcon_core.shell:create_environment_hook('emo_3dvision', 'pythonpath')
[1.927s] INFO:colcon.colcon_core.shell:Creating environment hook '/media/michael/bach_SD_128GB/emo2/emo2.0/install/emo_3dvision/share/emo_3dvision/hook/pythonpath.ps1'
[1.928s] INFO:colcon.colcon_core.shell:Creating environment descriptor '/media/michael/bach_SD_128GB/emo2/emo2.0/install/emo_3dvision/share/emo_3dvision/hook/pythonpath.dsv'
[1.928s] INFO:colcon.colcon_core.shell:Creating environment hook '/media/michael/bach_SD_128GB/emo2/emo2.0/install/emo_3dvision/share/emo_3dvision/hook/pythonpath.sh'
[1.929s] Level 1:colcon.colcon_core.environment:create_environment_scripts_only(emo_3dvision)
[1.930s] INFO:colcon.colcon_core.shell:Creating package script '/media/michael/bach_SD_128GB/emo2/emo2.0/install/emo_3dvision/share/emo_3dvision/package.ps1'
[1.932s] INFO:colcon.colcon_core.shell:Creating package descriptor '/media/michael/bach_SD_128GB/emo2/emo2.0/install/emo_3dvision/share/emo_3dvision/package.dsv'
[1.933s] INFO:colcon.colcon_core.shell:Creating package script '/media/michael/bach_SD_128GB/emo2/emo2.0/install/emo_3dvision/share/emo_3dvision/package.sh'
[1.936s] INFO:colcon.colcon_core.shell:Creating package script '/media/michael/bach_SD_128GB/emo2/emo2.0/install/emo_3dvision/share/emo_3dvision/package.bash'
[1.937s] INFO:colcon.colcon_core.shell:Creating package script '/media/michael/bach_SD_128GB/emo2/emo2.0/install/emo_3dvision/share/emo_3dvision/package.zsh'
[1.946s] Level 1:colcon.colcon_core.environment:create_file_with_runtime_dependencies(/media/michael/bach_SD_128GB/emo2/emo2.0/install/emo_3dvision/share/colcon-core/packages/emo_3dvision)
[1.950s] INFO:colcon.colcon_ros.task.ament_python.build:Building ROS package in '/media/michael/bach_SD_128GB/emo2/emo2.0/src/emo_power' with build type 'ament_python'
[1.951s] Level 1:colcon.colcon_core.shell:create_environment_hook('emo_power', 'ament_prefix_path')
[1.953s] INFO:colcon.colcon_core.shell:Creating environment hook '/media/michael/bach_SD_128GB/emo2/emo2.0/install/emo_power/share/emo_power/hook/ament_prefix_path.ps1'
[1.955s] INFO:colcon.colcon_core.shell:Creating environment descriptor '/media/michael/bach_SD_128GB/emo2/emo2.0/install/emo_power/share/emo_power/hook/ament_prefix_path.dsv'
[1.958s] INFO:colcon.colcon_core.shell:Creating environment hook '/media/michael/bach_SD_128GB/emo2/emo2.0/install/emo_power/share/emo_power/hook/ament_prefix_path.sh'
[1.960s] INFO:colcon.colcon_core.shell:Skip shell extension 'powershell' for command environment: Not usable outside of PowerShell
[1.960s] DEBUG:colcon.colcon_core.shell:Skip shell extension 'dsv' for command environment
[1.963s] DEBUG:colcon.colcon_core.shell:Ignoring prefix path '/opt/ros/foxy'
[1.987s] Level 1:colcon.colcon_core.environment:checking '/media/michael/bach_SD_128GB/emo2/emo2.0/install/emo_head' for CMake module files
[1.989s] Level 1:colcon.colcon_core.environment:checking '/media/michael/bach_SD_128GB/emo2/emo2.0/install/emo_head' for CMake config files
[1.991s] DEBUG:colcon.colcon_core.event_handler.log_command:Invoked command in '/media/michael/bach_SD_128GB/emo2/emo2.0/src/emo_head' returned '0': PYTHONPATH=/media/michael/bach_SD_128GB/emo2/emo2.0/install/emo_head/lib/python3.8/site-packages:${PYTHONPATH} /usr/bin/python3 setup.py egg_info --egg-base ../../build/emo_head build --build-base /media/michael/bach_SD_128GB/emo2/emo2.0/build/emo_head/build install --prefix /media/michael/bach_SD_128GB/emo2/emo2.0/install/emo_head --record /media/michael/bach_SD_128GB/emo2/emo2.0/build/emo_head/install.log --single-version-externally-managed
[1.992s] Level 1:colcon.colcon_core.environment:checking '/media/michael/bach_SD_128GB/emo2/emo2.0/install/emo_head/lib'
[1.992s] Level 1:colcon.colcon_core.environment:checking '/media/michael/bach_SD_128GB/emo2/emo2.0/install/emo_head/bin'
[1.992s] Level 1:colcon.colcon_core.environment:checking '/media/michael/bach_SD_128GB/emo2/emo2.0/install/emo_head/lib/pkgconfig/emo_head.pc'
[1.992s] Level 1:colcon.colcon_core.environment:checking '/media/michael/bach_SD_128GB/emo2/emo2.0/install/emo_head/lib/python3.8/site-packages'
[1.992s] Level 1:colcon.colcon_core.shell:create_environment_hook('emo_head', 'pythonpath')
[1.994s] INFO:colcon.colcon_core.shell:Creating environment hook '/media/michael/bach_SD_128GB/emo2/emo2.0/install/emo_head/share/emo_head/hook/pythonpath.ps1'
[1.995s] INFO:colcon.colcon_core.shell:Creating environment descriptor '/media/michael/bach_SD_128GB/emo2/emo2.0/install/emo_head/share/emo_head/hook/pythonpath.dsv'
[1.995s] INFO:colcon.colcon_core.shell:Creating environment hook '/media/michael/bach_SD_128GB/emo2/emo2.0/install/emo_head/share/emo_head/hook/pythonpath.sh'
[1.996s] Level 1:colcon.colcon_core.environment:create_environment_scripts_only(emo_head)
[1.997s] INFO:colcon.colcon_core.shell:Creating package script '/media/michael/bach_SD_128GB/emo2/emo2.0/install/emo_head/share/emo_head/package.ps1'
[1.999s] INFO:colcon.colcon_core.shell:Creating package descriptor '/media/michael/bach_SD_128GB/emo2/emo2.0/install/emo_head/share/emo_head/package.dsv'
[2.000s] INFO:colcon.colcon_core.shell:Creating package script '/media/michael/bach_SD_128GB/emo2/emo2.0/install/emo_head/share/emo_head/package.sh'
[2.002s] INFO:colcon.colcon_core.shell:Creating package script '/media/michael/bach_SD_128GB/emo2/emo2.0/install/emo_head/share/emo_head/package.bash'
[2.003s] INFO:colcon.colcon_core.shell:Creating package script '/media/michael/bach_SD_128GB/emo2/emo2.0/install/emo_head/share/emo_head/package.zsh'
[2.003s] Level 1:colcon.colcon_core.environment:create_file_with_runtime_dependencies(/media/michael/bach_SD_128GB/emo2/emo2.0/install/emo_head/share/colcon-core/packages/emo_head)
[2.005s] INFO:colcon.colcon_ros.task.ament_python.build:Building ROS package in '/media/michael/bach_SD_128GB/emo2/emo2.0/src/emo_proto' with build type 'ament_python'
[2.006s] Level 1:colcon.colcon_core.shell:create_environment_hook('emo_proto', 'ament_prefix_path')
[2.007s] INFO:colcon.colcon_core.shell:Creating environment hook '/media/michael/bach_SD_128GB/emo2/emo2.0/install/emo_proto/share/emo_proto/hook/ament_prefix_path.ps1'
[2.008s] INFO:colcon.colcon_core.shell:Creating environment descriptor '/media/michael/bach_SD_128GB/emo2/emo2.0/install/emo_proto/share/emo_proto/hook/ament_prefix_path.dsv'
[2.008s] INFO:colcon.colcon_core.shell:Creating environment hook '/media/michael/bach_SD_128GB/emo2/emo2.0/install/emo_proto/share/emo_proto/hook/ament_prefix_path.sh'
[2.010s] INFO:colcon.colcon_core.shell:Skip shell extension 'powershell' for command environment: Not usable outside of PowerShell
[2.010s] DEBUG:colcon.colcon_core.shell:Skip shell extension 'dsv' for command environment
[2.011s] DEBUG:colcon.colcon_core.shell:Ignoring prefix path '/opt/ros/foxy'
[2.018s] Level 1:colcon.colcon_core.environment:checking '/media/michael/bach_SD_128GB/emo2/emo2.0/install/emo_lidar' for CMake module files
[2.019s] Level 1:colcon.colcon_core.environment:checking '/media/michael/bach_SD_128GB/emo2/emo2.0/install/emo_lidar' for CMake config files
[2.020s] DEBUG:colcon.colcon_core.event_handler.log_command:Invoked command in '/media/michael/bach_SD_128GB/emo2/emo2.0/src/emo_lidar' returned '0': PYTHONPATH=/media/michael/bach_SD_128GB/emo2/emo2.0/install/emo_lidar/lib/python3.8/site-packages:${PYTHONPATH} /usr/bin/python3 setup.py egg_info --egg-base ../../build/emo_lidar build --build-base /media/michael/bach_SD_128GB/emo2/emo2.0/build/emo_lidar/build install --prefix /media/michael/bach_SD_128GB/emo2/emo2.0/install/emo_lidar --record /media/michael/bach_SD_128GB/emo2/emo2.0/build/emo_lidar/install.log --single-version-externally-managed
[2.021s] Level 1:colcon.colcon_core.environment:checking '/media/michael/bach_SD_128GB/emo2/emo2.0/install/emo_lidar/lib'
[2.022s] Level 1:colcon.colcon_core.environment:checking '/media/michael/bach_SD_128GB/emo2/emo2.0/install/emo_lidar/bin'
[2.022s] Level 1:colcon.colcon_core.environment:checking '/media/michael/bach_SD_128GB/emo2/emo2.0/install/emo_lidar/lib/pkgconfig/emo_lidar.pc'
[2.022s] Level 1:colcon.colcon_core.environment:checking '/media/michael/bach_SD_128GB/emo2/emo2.0/install/emo_lidar/lib/python3.8/site-packages'
[2.022s] Level 1:colcon.colcon_core.shell:create_environment_hook('emo_lidar', 'pythonpath')
[2.023s] INFO:colcon.colcon_core.shell:Creating environment hook '/media/michael/bach_SD_128GB/emo2/emo2.0/install/emo_lidar/share/emo_lidar/hook/pythonpath.ps1'
[2.025s] INFO:colcon.colcon_core.shell:Creating environment descriptor '/media/michael/bach_SD_128GB/emo2/emo2.0/install/emo_lidar/share/emo_lidar/hook/pythonpath.dsv'
[2.026s] INFO:colcon.colcon_core.shell:Creating environment hook '/media/michael/bach_SD_128GB/emo2/emo2.0/install/emo_lidar/share/emo_lidar/hook/pythonpath.sh'
[2.026s] Level 1:colcon.colcon_core.environment:create_environment_scripts_only(emo_lidar)
[2.028s] INFO:colcon.colcon_core.shell:Creating package script '/media/michael/bach_SD_128GB/emo2/emo2.0/install/emo_lidar/share/emo_lidar/package.ps1'
[2.029s] INFO:colcon.colcon_core.shell:Creating package descriptor '/media/michael/bach_SD_128GB/emo2/emo2.0/install/emo_lidar/share/emo_lidar/package.dsv'
[2.029s] INFO:colcon.colcon_core.shell:Creating package script '/media/michael/bach_SD_128GB/emo2/emo2.0/install/emo_lidar/share/emo_lidar/package.sh'
[2.030s] INFO:colcon.colcon_core.shell:Creating package script '/media/michael/bach_SD_128GB/emo2/emo2.0/install/emo_lidar/share/emo_lidar/package.bash'
[2.030s] INFO:colcon.colcon_core.shell:Creating package script '/media/michael/bach_SD_128GB/emo2/emo2.0/install/emo_lidar/share/emo_lidar/package.zsh'
[2.031s] Level 1:colcon.colcon_core.environment:create_file_with_runtime_dependencies(/media/michael/bach_SD_128GB/emo2/emo2.0/install/emo_lidar/share/colcon-core/packages/emo_lidar)
[2.032s] INFO:colcon.colcon_ros.task.ament_python.build:Building ROS package in '/media/michael/bach_SD_128GB/emo2/emo2.0/src/emo_proximity' with build type 'ament_python'
[2.033s] Level 1:colcon.colcon_core.shell:create_environment_hook('emo_proximity', 'ament_prefix_path')
[2.034s] INFO:colcon.colcon_core.shell:Creating environment hook '/media/michael/bach_SD_128GB/emo2/emo2.0/install/emo_proximity/share/emo_proximity/hook/ament_prefix_path.ps1'
[2.035s] INFO:colcon.colcon_core.shell:Creating environment descriptor '/media/michael/bach_SD_128GB/emo2/emo2.0/install/emo_proximity/share/emo_proximity/hook/ament_prefix_path.dsv'
[2.035s] INFO:colcon.colcon_core.shell:Creating environment hook '/media/michael/bach_SD_128GB/emo2/emo2.0/install/emo_proximity/share/emo_proximity/hook/ament_prefix_path.sh'
[2.037s] INFO:colcon.colcon_core.shell:Skip shell extension 'powershell' for command environment: Not usable outside of PowerShell
[2.037s] DEBUG:colcon.colcon_core.shell:Skip shell extension 'dsv' for command environment
[2.040s] DEBUG:colcon.colcon_core.shell:Ignoring prefix path '/opt/ros/foxy'
[2.357s] INFO:colcon.colcon_core.task.python.build:Building Python package in '/media/michael/bach_SD_128GB/emo2/emo2.0/src/emo_power'
[2.359s] INFO:colcon.colcon_core.shell:Skip shell extension 'powershell' for command environment: Not usable outside of PowerShell
[2.359s] DEBUG:colcon.colcon_core.shell:Skip shell extension 'dsv' for command environment
[2.362s] DEBUG:colcon.colcon_core.shell:Ignoring prefix path '/opt/ros/foxy'
[2.371s] Level 1:colcon.colcon_core.environment:checking '/media/michael/bach_SD_128GB/emo2/emo2.0/install/emo_drive' for CMake module files
[2.372s] DEBUG:colcon.colcon_core.event_handler.log_command:Invoked command in '/media/michael/bach_SD_128GB/emo2/emo2.0/src/emo_drive' returned '0': PYTHONPATH=/media/michael/bach_SD_128GB/emo2/emo2.0/install/emo_drive/lib/python3.8/site-packages:${PYTHONPATH} /usr/bin/python3 setup.py egg_info --egg-base ../../build/emo_drive build --build-base /media/michael/bach_SD_128GB/emo2/emo2.0/build/emo_drive/build install --prefix /media/michael/bach_SD_128GB/emo2/emo2.0/install/emo_drive --record /media/michael/bach_SD_128GB/emo2/emo2.0/build/emo_drive/install.log --single-version-externally-managed
[2.372s] Level 1:colcon.colcon_core.environment:checking '/media/michael/bach_SD_128GB/emo2/emo2.0/install/emo_drive' for CMake config files
[2.376s] Level 1:colcon.colcon_core.environment:checking '/media/michael/bach_SD_128GB/emo2/emo2.0/install/emo_drive/lib'
[2.379s] Level 1:colcon.colcon_core.environment:checking '/media/michael/bach_SD_128GB/emo2/emo2.0/install/emo_drive/bin'
[2.379s] Level 1:colcon.colcon_core.environment:checking '/media/michael/bach_SD_128GB/emo2/emo2.0/install/emo_drive/lib/pkgconfig/emo_drive.pc'
[2.379s] Level 1:colcon.colcon_core.environment:checking '/media/michael/bach_SD_128GB/emo2/emo2.0/install/emo_drive/lib/python3.8/site-packages'
[2.380s] Level 1:colcon.colcon_core.shell:create_environment_hook('emo_drive', 'pythonpath')
[2.381s] INFO:colcon.colcon_core.shell:Creating environment hook '/media/michael/bach_SD_128GB/emo2/emo2.0/install/emo_drive/share/emo_drive/hook/pythonpath.ps1'
[2.381s] INFO:colcon.colcon_core.shell:Creating environment descriptor '/media/michael/bach_SD_128GB/emo2/emo2.0/install/emo_drive/share/emo_drive/hook/pythonpath.dsv'
[2.382s] INFO:colcon.colcon_core.shell:Creating environment hook '/media/michael/bach_SD_128GB/emo2/emo2.0/install/emo_drive/share/emo_drive/hook/pythonpath.sh'
[2.382s] Level 1:colcon.colcon_core.environment:create_environment_scripts_only(emo_drive)
[2.384s] INFO:colcon.colcon_core.shell:Creating package script '/media/michael/bach_SD_128GB/emo2/emo2.0/install/emo_drive/share/emo_drive/package.ps1'
[2.389s] INFO:colcon.colcon_core.shell:Creating package descriptor '/media/michael/bach_SD_128GB/emo2/emo2.0/install/emo_drive/share/emo_drive/package.dsv'
[2.389s] INFO:colcon.colcon_core.shell:Creating package script '/media/michael/bach_SD_128GB/emo2/emo2.0/install/emo_drive/share/emo_drive/package.sh'
[2.390s] INFO:colcon.colcon_core.shell:Creating package script '/media/michael/bach_SD_128GB/emo2/emo2.0/install/emo_drive/share/emo_drive/package.bash'
[2.391s] INFO:colcon.colcon_core.shell:Creating package script '/media/michael/bach_SD_128GB/emo2/emo2.0/install/emo_drive/share/emo_drive/package.zsh'
[2.391s] Level 1:colcon.colcon_core.environment:create_file_with_runtime_dependencies(/media/michael/bach_SD_128GB/emo2/emo2.0/install/emo_drive/share/colcon-core/packages/emo_drive)
[2.394s] INFO:colcon.colcon_ros.task.ament_python.build:Building ROS package in '/media/michael/bach_SD_128GB/emo2/emo2.0/src/emo_vision' with build type 'ament_python'
[2.394s] Level 1:colcon.colcon_core.shell:create_environment_hook('emo_vision', 'ament_prefix_path')
[2.396s] INFO:colcon.colcon_core.shell:Creating environment hook '/media/michael/bach_SD_128GB/emo2/emo2.0/install/emo_vision/share/emo_vision/hook/ament_prefix_path.ps1'
[2.397s] INFO:colcon.colcon_core.shell:Creating environment descriptor '/media/michael/bach_SD_128GB/emo2/emo2.0/install/emo_vision/share/emo_vision/hook/ament_prefix_path.dsv'
[2.398s] INFO:colcon.colcon_core.shell:Creating environment hook '/media/michael/bach_SD_128GB/emo2/emo2.0/install/emo_vision/share/emo_vision/hook/ament_prefix_path.sh'
[2.400s] INFO:colcon.colcon_core.shell:Skip shell extension 'powershell' for command environment: Not usable outside of PowerShell
[2.400s] DEBUG:colcon.colcon_core.shell:Skip shell extension 'dsv' for command environment
[2.403s] DEBUG:colcon.colcon_core.shell:Ignoring prefix path '/opt/ros/foxy'
[2.654s] INFO:colcon.colcon_core.task.python.build:Building Python package in '/media/michael/bach_SD_128GB/emo2/emo2.0/src/emo_proto'
[2.655s] INFO:colcon.colcon_core.shell:Skip shell extension 'powershell' for command environment: Not usable outside of PowerShell
[2.656s] DEBUG:colcon.colcon_core.shell:Skip shell extension 'dsv' for command environment
[2.657s] DEBUG:colcon.colcon_core.shell:Ignoring prefix path '/opt/ros/foxy'
[2.897s] INFO:colcon.colcon_core.task.python.build:Building Python package in '/media/michael/bach_SD_128GB/emo2/emo2.0/src/emo_proximity'
[2.899s] INFO:colcon.colcon_core.shell:Skip shell extension 'powershell' for command environment: Not usable outside of PowerShell
[2.899s] DEBUG:colcon.colcon_core.shell:Skip shell extension 'dsv' for command environment
[2.902s] DEBUG:colcon.colcon_core.shell:Ignoring prefix path '/opt/ros/foxy'
[2.913s] DEBUG:colcon.colcon_core.event_handler.log_command:Invoking command in '/media/michael/bach_SD_128GB/emo2/emo2.0/src/emo_power': PYTHONPATH=/media/michael/bach_SD_128GB/emo2/emo2.0/install/emo_power/lib/python3.8/site-packages:${PYTHONPATH} /usr/bin/python3 setup.py egg_info --egg-base ../../build/emo_power build --build-base /media/michael/bach_SD_128GB/emo2/emo2.0/build/emo_power/build install --prefix /media/michael/bach_SD_128GB/emo2/emo2.0/install/emo_power --record /media/michael/bach_SD_128GB/emo2/emo2.0/build/emo_power/install.log --single-version-externally-managed
[3.160s] INFO:colcon.colcon_core.task.python.build:Building Python package in '/media/michael/bach_SD_128GB/emo2/emo2.0/src/emo_vision'
[3.161s] INFO:colcon.colcon_core.shell:Skip shell extension 'powershell' for command environment: Not usable outside of PowerShell
[3.161s] DEBUG:colcon.colcon_core.shell:Skip shell extension 'dsv' for command environment
[3.164s] DEBUG:colcon.colcon_core.shell:Ignoring prefix path '/opt/ros/foxy'
[3.177s] DEBUG:colcon.colcon_core.event_handler.log_command:Invoking command in '/media/michael/bach_SD_128GB/emo2/emo2.0/src/emo_proto': PYTHONPATH=/media/michael/bach_SD_128GB/emo2/emo2.0/install/emo_proto/lib/python3.8/site-packages:${PYTHONPATH} /usr/bin/python3 setup.py egg_info --egg-base ../../build/emo_proto build --build-base /media/michael/bach_SD_128GB/emo2/emo2.0/build/emo_proto/build install --prefix /media/michael/bach_SD_128GB/emo2/emo2.0/install/emo_proto --record /media/michael/bach_SD_128GB/emo2/emo2.0/build/emo_proto/install.log --single-version-externally-managed
[3.184s] DEBUG:colcon.colcon_core.event_handler.log_command:Invoking command in '/media/michael/bach_SD_128GB/emo2/emo2.0/src/emo_proximity': PYTHONPATH=/media/michael/bach_SD_128GB/emo2/emo2.0/install/emo_proximity/lib/python3.8/site-packages:${PYTHONPATH} /usr/bin/python3 setup.py egg_info --egg-base ../../build/emo_proximity build --build-base /media/michael/bach_SD_128GB/emo2/emo2.0/build/emo_proximity/build install --prefix /media/michael/bach_SD_128GB/emo2/emo2.0/install/emo_proximity --record /media/michael/bach_SD_128GB/emo2/emo2.0/build/emo_proximity/install.log --single-version-externally-managed
[3.210s] DEBUG:colcon.colcon_core.event_handler.log_command:Invoking command in '/media/michael/bach_SD_128GB/emo2/emo2.0/src/emo_vision': PYTHONPATH=/media/michael/bach_SD_128GB/emo2/emo2.0/install/emo_vision/lib/python3.8/site-packages:${PYTHONPATH} /usr/bin/python3 setup.py egg_info --egg-base ../../build/emo_vision build --build-base /media/michael/bach_SD_128GB/emo2/emo2.0/build/emo_vision/build install --prefix /media/michael/bach_SD_128GB/emo2/emo2.0/install/emo_vision --record /media/michael/bach_SD_128GB/emo2/emo2.0/build/emo_vision/install.log --single-version-externally-managed
[3.276s] Level 1:colcon.colcon_core.environment:checking '/media/michael/bach_SD_128GB/emo2/emo2.0/install/emo_power' for CMake module files
[3.277s] Level 1:colcon.colcon_core.environment:checking '/media/michael/bach_SD_128GB/emo2/emo2.0/install/emo_power' for CMake config files
[3.278s] Level 1:colcon.colcon_core.environment:checking '/media/michael/bach_SD_128GB/emo2/emo2.0/install/emo_power/lib'
[3.278s] Level 1:colcon.colcon_core.environment:checking '/media/michael/bach_SD_128GB/emo2/emo2.0/install/emo_power/bin'
[3.278s] Level 1:colcon.colcon_core.environment:checking '/media/michael/bach_SD_128GB/emo2/emo2.0/install/emo_power/lib/pkgconfig/emo_power.pc'
[3.279s] Level 1:colcon.colcon_core.environment:checking '/media/michael/bach_SD_128GB/emo2/emo2.0/install/emo_power/lib/python3.8/site-packages'
[3.279s] Level 1:colcon.colcon_core.shell:create_environment_hook('emo_power', 'pythonpath')
[3.280s] INFO:colcon.colcon_core.shell:Creating environment hook '/media/michael/bach_SD_128GB/emo2/emo2.0/install/emo_power/share/emo_power/hook/pythonpath.ps1'
[3.281s] DEBUG:colcon.colcon_core.event_handler.log_command:Invoked command in '/media/michael/bach_SD_128GB/emo2/emo2.0/src/emo_power' returned '0': PYTHONPATH=/media/michael/bach_SD_128GB/emo2/emo2.0/install/emo_power/lib/python3.8/site-packages:${PYTHONPATH} /usr/bin/python3 setup.py egg_info --egg-base ../../build/emo_power build --build-base /media/michael/bach_SD_128GB/emo2/emo2.0/build/emo_power/build install --prefix /media/michael/bach_SD_128GB/emo2/emo2.0/install/emo_power --record /media/michael/bach_SD_128GB/emo2/emo2.0/build/emo_power/install.log --single-version-externally-managed
[3.282s] INFO:colcon.colcon_core.shell:Creating environment descriptor '/media/michael/bach_SD_128GB/emo2/emo2.0/install/emo_power/share/emo_power/hook/pythonpath.dsv'
[3.282s] INFO:colcon.colcon_core.shell:Creating environment hook '/media/michael/bach_SD_128GB/emo2/emo2.0/install/emo_power/share/emo_power/hook/pythonpath.sh'
[3.283s] Level 1:colcon.colcon_core.environment:create_environment_scripts_only(emo_power)
[3.284s] INFO:colcon.colcon_core.shell:Creating package script '/media/michael/bach_SD_128GB/emo2/emo2.0/install/emo_power/share/emo_power/package.ps1'
[3.285s] INFO:colcon.colcon_core.shell:Creating package descriptor '/media/michael/bach_SD_128GB/emo2/emo2.0/install/emo_power/share/emo_power/package.dsv'
[3.286s] INFO:colcon.colcon_core.shell:Creating package script '/media/michael/bach_SD_128GB/emo2/emo2.0/install/emo_power/share/emo_power/package.sh'
[3.287s] INFO:colcon.colcon_core.shell:Creating package script '/media/michael/bach_SD_128GB/emo2/emo2.0/install/emo_power/share/emo_power/package.bash'
[3.287s] INFO:colcon.colcon_core.shell:Creating package script '/media/michael/bach_SD_128GB/emo2/emo2.0/install/emo_power/share/emo_power/package.zsh'
[3.288s] Level 1:colcon.colcon_core.environment:create_file_with_runtime_dependencies(/media/michael/bach_SD_128GB/emo2/emo2.0/install/emo_power/share/colcon-core/packages/emo_power)
[3.290s] INFO:colcon.colcon_ros.task.ament_python.build:Building ROS package in '/media/michael/bach_SD_128GB/emo2/emo2.0/src/emo_voice' with build type 'ament_python'
[3.291s] Level 1:colcon.colcon_core.shell:create_environment_hook('emo_voice', 'ament_prefix_path')
[3.292s] INFO:colcon.colcon_core.shell:Creating environment hook '/media/michael/bach_SD_128GB/emo2/emo2.0/install/emo_voice/share/emo_voice/hook/ament_prefix_path.ps1'
[3.293s] INFO:colcon.colcon_core.shell:Creating environment descriptor '/media/michael/bach_SD_128GB/emo2/emo2.0/install/emo_voice/share/emo_voice/hook/ament_prefix_path.dsv'
[3.294s] INFO:colcon.colcon_core.shell:Creating environment hook '/media/michael/bach_SD_128GB/emo2/emo2.0/install/emo_voice/share/emo_voice/hook/ament_prefix_path.sh'
[3.296s] INFO:colcon.colcon_core.shell:Skip shell extension 'powershell' for command environment: Not usable outside of PowerShell
[3.296s] DEBUG:colcon.colcon_core.shell:Skip shell extension 'dsv' for command environment
[3.299s] DEBUG:colcon.colcon_core.shell:Ignoring prefix path '/opt/ros/foxy'
[3.785s] INFO:colcon.colcon_core.task.python.build:Building Python package in '/media/michael/bach_SD_128GB/emo2/emo2.0/src/emo_voice'
[3.787s] INFO:colcon.colcon_core.shell:Skip shell extension 'powershell' for command environment: Not usable outside of PowerShell
[3.787s] DEBUG:colcon.colcon_core.shell:Skip shell extension 'dsv' for command environment
[3.790s] DEBUG:colcon.colcon_core.shell:Ignoring prefix path '/opt/ros/foxy'
[3.800s] Level 1:colcon.colcon_core.environment:checking '/media/michael/bach_SD_128GB/emo2/emo2.0/install/emo_proto' for CMake module files
[3.801s] Level 1:colcon.colcon_core.environment:checking '/media/michael/bach_SD_128GB/emo2/emo2.0/install/emo_proto' for CMake config files
[3.802s] Level 1:colcon.colcon_core.environment:checking '/media/michael/bach_SD_128GB/emo2/emo2.0/install/emo_proto/lib'
[3.803s] Level 1:colcon.colcon_core.environment:checking '/media/michael/bach_SD_128GB/emo2/emo2.0/install/emo_proto/bin'
[3.803s] Level 1:colcon.colcon_core.environment:checking '/media/michael/bach_SD_128GB/emo2/emo2.0/install/emo_proto/lib/pkgconfig/emo_proto.pc'
[3.803s] Level 1:colcon.colcon_core.environment:checking '/media/michael/bach_SD_128GB/emo2/emo2.0/install/emo_proto/lib/python3.8/site-packages'
[3.803s] Level 1:colcon.colcon_core.shell:create_environment_hook('emo_proto', 'pythonpath')
[3.804s] INFO:colcon.colcon_core.shell:Creating environment hook '/media/michael/bach_SD_128GB/emo2/emo2.0/install/emo_proto/share/emo_proto/hook/pythonpath.ps1'
[3.805s] DEBUG:colcon.colcon_core.event_handler.log_command:Invoked command in '/media/michael/bach_SD_128GB/emo2/emo2.0/src/emo_proto' returned '0': PYTHONPATH=/media/michael/bach_SD_128GB/emo2/emo2.0/install/emo_proto/lib/python3.8/site-packages:${PYTHONPATH} /usr/bin/python3 setup.py egg_info --egg-base ../../build/emo_proto build --build-base /media/michael/bach_SD_128GB/emo2/emo2.0/build/emo_proto/build install --prefix /media/michael/bach_SD_128GB/emo2/emo2.0/install/emo_proto --record /media/michael/bach_SD_128GB/emo2/emo2.0/build/emo_proto/install.log --single-version-externally-managed
[3.806s] INFO:colcon.colcon_core.shell:Creating environment descriptor '/media/michael/bach_SD_128GB/emo2/emo2.0/install/emo_proto/share/emo_proto/hook/pythonpath.dsv'
[3.807s] INFO:colcon.colcon_core.shell:Creating environment hook '/media/michael/bach_SD_128GB/emo2/emo2.0/install/emo_proto/share/emo_proto/hook/pythonpath.sh'
[3.808s] Level 1:colcon.colcon_core.environment:create_environment_scripts_only(emo_proto)
[3.810s] INFO:colcon.colcon_core.shell:Creating package script '/media/michael/bach_SD_128GB/emo2/emo2.0/install/emo_proto/share/emo_proto/package.ps1'
[3.817s] INFO:colcon.colcon_core.shell:Creating package descriptor '/media/michael/bach_SD_128GB/emo2/emo2.0/install/emo_proto/share/emo_proto/package.dsv'
[3.819s] INFO:colcon.colcon_core.shell:Creating package script '/media/michael/bach_SD_128GB/emo2/emo2.0/install/emo_proto/share/emo_proto/package.sh'
[3.820s] INFO:colcon.colcon_core.shell:Creating package script '/media/michael/bach_SD_128GB/emo2/emo2.0/install/emo_proto/share/emo_proto/package.bash'
[3.821s] INFO:colcon.colcon_core.shell:Creating package script '/media/michael/bach_SD_128GB/emo2/emo2.0/install/emo_proto/share/emo_proto/package.zsh'
[3.821s] Level 1:colcon.colcon_core.environment:create_file_with_runtime_dependencies(/media/michael/bach_SD_128GB/emo2/emo2.0/install/emo_proto/share/colcon-core/packages/emo_proto)
[3.828s] DEBUG:colcon.colcon_core.event_handler.log_command:Invoking command in '/media/michael/bach_SD_128GB/emo2/emo2.0/src/emo_voice': PYTHONPATH=/media/michael/bach_SD_128GB/emo2/emo2.0/install/emo_voice/lib/python3.8/site-packages:${PYTHONPATH} /usr/bin/python3 setup.py egg_info --egg-base ../../build/emo_voice build --build-base /media/michael/bach_SD_128GB/emo2/emo2.0/build/emo_voice/build install --prefix /media/michael/bach_SD_128GB/emo2/emo2.0/install/emo_voice --record /media/michael/bach_SD_128GB/emo2/emo2.0/build/emo_voice/install.log --single-version-externally-managed
[3.848s] Level 1:colcon.colcon_core.environment:checking '/media/michael/bach_SD_128GB/emo2/emo2.0/install/emo_proximity' for CMake module files
[3.851s] Level 1:colcon.colcon_core.environment:checking '/media/michael/bach_SD_128GB/emo2/emo2.0/install/emo_proximity' for CMake config files
[3.853s] DEBUG:colcon.colcon_core.event_handler.log_command:Invoked command in '/media/michael/bach_SD_128GB/emo2/emo2.0/src/emo_proximity' returned '0': PYTHONPATH=/media/michael/bach_SD_128GB/emo2/emo2.0/install/emo_proximity/lib/python3.8/site-packages:${PYTHONPATH} /usr/bin/python3 setup.py egg_info --egg-base ../../build/emo_proximity build --build-base /media/michael/bach_SD_128GB/emo2/emo2.0/build/emo_proximity/build install --prefix /media/michael/bach_SD_128GB/emo2/emo2.0/install/emo_proximity --record /media/michael/bach_SD_128GB/emo2/emo2.0/build/emo_proximity/install.log --single-version-externally-managed
[3.854s] Level 1:colcon.colcon_core.environment:checking '/media/michael/bach_SD_128GB/emo2/emo2.0/install/emo_proximity/lib'
[3.857s] Level 1:colcon.colcon_core.environment:checking '/media/michael/bach_SD_128GB/emo2/emo2.0/install/emo_proximity/bin'
[3.857s] Level 1:colcon.colcon_core.environment:checking '/media/michael/bach_SD_128GB/emo2/emo2.0/install/emo_proximity/lib/pkgconfig/emo_proximity.pc'
[3.857s] Level 1:colcon.colcon_core.environment:checking '/media/michael/bach_SD_128GB/emo2/emo2.0/install/emo_proximity/lib/python3.8/site-packages'
[3.860s] Level 1:colcon.colcon_core.shell:create_environment_hook('emo_proximity', 'pythonpath')
[3.862s] INFO:colcon.colcon_core.shell:Creating environment hook '/media/michael/bach_SD_128GB/emo2/emo2.0/install/emo_proximity/share/emo_proximity/hook/pythonpath.ps1'
[3.863s] INFO:colcon.colcon_core.shell:Creating environment descriptor '/media/michael/bach_SD_128GB/emo2/emo2.0/install/emo_proximity/share/emo_proximity/hook/pythonpath.dsv'
[3.863s] INFO:colcon.colcon_core.shell:Creating environment hook '/media/michael/bach_SD_128GB/emo2/emo2.0/install/emo_proximity/share/emo_proximity/hook/pythonpath.sh'
[3.867s] Level 1:colcon.colcon_core.environment:create_environment_scripts_only(emo_proximity)
[3.868s] INFO:colcon.colcon_core.shell:Creating package script '/media/michael/bach_SD_128GB/emo2/emo2.0/install/emo_proximity/share/emo_proximity/package.ps1'
[3.869s] INFO:colcon.colcon_core.shell:Creating package descriptor '/media/michael/bach_SD_128GB/emo2/emo2.0/install/emo_proximity/share/emo_proximity/package.dsv'
[3.870s] INFO:colcon.colcon_core.shell:Creating package script '/media/michael/bach_SD_128GB/emo2/emo2.0/install/emo_proximity/share/emo_proximity/package.sh'
[3.871s] INFO:colcon.colcon_core.shell:Creating package script '/media/michael/bach_SD_128GB/emo2/emo2.0/install/emo_proximity/share/emo_proximity/package.bash'
[3.872s] INFO:colcon.colcon_core.shell:Creating package script '/media/michael/bach_SD_128GB/emo2/emo2.0/install/emo_proximity/share/emo_proximity/package.zsh'
[3.873s] Level 1:colcon.colcon_core.environment:create_file_with_runtime_dependencies(/media/michael/bach_SD_128GB/emo2/emo2.0/install/emo_proximity/share/colcon-core/packages/emo_proximity)
[3.934s] Level 1:colcon.colcon_core.environment:checking '/media/michael/bach_SD_128GB/emo2/emo2.0/install/emo_vision' for CMake module files
[3.935s] DEBUG:colcon.colcon_core.event_handler.log_command:Invoked command in '/media/michael/bach_SD_128GB/emo2/emo2.0/src/emo_vision' returned '0': PYTHONPATH=/media/michael/bach_SD_128GB/emo2/emo2.0/install/emo_vision/lib/python3.8/site-packages:${PYTHONPATH} /usr/bin/python3 setup.py egg_info --egg-base ../../build/emo_vision build --build-base /media/michael/bach_SD_128GB/emo2/emo2.0/build/emo_vision/build install --prefix /media/michael/bach_SD_128GB/emo2/emo2.0/install/emo_vision --record /media/michael/bach_SD_128GB/emo2/emo2.0/build/emo_vision/install.log --single-version-externally-managed
[3.935s] Level 1:colcon.colcon_core.environment:checking '/media/michael/bach_SD_128GB/emo2/emo2.0/install/emo_vision' for CMake config files
[3.936s] Level 1:colcon.colcon_core.environment:checking '/media/michael/bach_SD_128GB/emo2/emo2.0/install/emo_vision/lib'
[3.936s] Level 1:colcon.colcon_core.environment:checking '/media/michael/bach_SD_128GB/emo2/emo2.0/install/emo_vision/bin'
[3.936s] Level 1:colcon.colcon_core.environment:checking '/media/michael/bach_SD_128GB/emo2/emo2.0/install/emo_vision/lib/pkgconfig/emo_vision.pc'
[3.936s] Level 1:colcon.colcon_core.environment:checking '/media/michael/bach_SD_128GB/emo2/emo2.0/install/emo_vision/lib/python3.8/site-packages'
[3.936s] Level 1:colcon.colcon_core.shell:create_environment_hook('emo_vision', 'pythonpath')
[3.937s] INFO:colcon.colcon_core.shell:Creating environment hook '/media/michael/bach_SD_128GB/emo2/emo2.0/install/emo_vision/share/emo_vision/hook/pythonpath.ps1'
[3.937s] INFO:colcon.colcon_core.shell:Creating environment descriptor '/media/michael/bach_SD_128GB/emo2/emo2.0/install/emo_vision/share/emo_vision/hook/pythonpath.dsv'
[3.938s] INFO:colcon.colcon_core.shell:Creating environment hook '/media/michael/bach_SD_128GB/emo2/emo2.0/install/emo_vision/share/emo_vision/hook/pythonpath.sh'
[3.939s] Level 1:colcon.colcon_core.environment:create_environment_scripts_only(emo_vision)
[3.939s] INFO:colcon.colcon_core.shell:Creating package script '/media/michael/bach_SD_128GB/emo2/emo2.0/install/emo_vision/share/emo_vision/package.ps1'
[3.940s] INFO:colcon.colcon_core.shell:Creating package descriptor '/media/michael/bach_SD_128GB/emo2/emo2.0/install/emo_vision/share/emo_vision/package.dsv'
[3.941s] INFO:colcon.colcon_core.shell:Creating package script '/media/michael/bach_SD_128GB/emo2/emo2.0/install/emo_vision/share/emo_vision/package.sh'
[3.941s] INFO:colcon.colcon_core.shell:Creating package script '/media/michael/bach_SD_128GB/emo2/emo2.0/install/emo_vision/share/emo_vision/package.bash'
[3.942s] INFO:colcon.colcon_core.shell:Creating package script '/media/michael/bach_SD_128GB/emo2/emo2.0/install/emo_vision/share/emo_vision/package.zsh'
[3.943s] Level 1:colcon.colcon_core.environment:create_file_with_runtime_dependencies(/media/michael/bach_SD_128GB/emo2/emo2.0/install/emo_vision/share/colcon-core/packages/emo_vision)
[4.226s] Level 1:colcon.colcon_core.environment:checking '/media/michael/bach_SD_128GB/emo2/emo2.0/install/emo_voice' for CMake module files
[4.227s] Level 1:colcon.colcon_core.environment:checking '/media/michael/bach_SD_128GB/emo2/emo2.0/install/emo_voice' for CMake config files
[4.228s] Level 1:colcon.colcon_core.environment:checking '/media/michael/bach_SD_128GB/emo2/emo2.0/install/emo_voice/lib'
[4.228s] Level 1:colcon.colcon_core.environment:checking '/media/michael/bach_SD_128GB/emo2/emo2.0/install/emo_voice/bin'
[4.228s] Level 1:colcon.colcon_core.environment:checking '/media/michael/bach_SD_128GB/emo2/emo2.0/install/emo_voice/lib/pkgconfig/emo_voice.pc'
[4.228s] Level 1:colcon.colcon_core.environment:checking '/media/michael/bach_SD_128GB/emo2/emo2.0/install/emo_voice/lib/python3.8/site-packages'
[4.228s] Level 1:colcon.colcon_core.shell:create_environment_hook('emo_voice', 'pythonpath')
[4.229s] INFO:colcon.colcon_core.shell:Creating environment hook '/media/michael/bach_SD_128GB/emo2/emo2.0/install/emo_voice/share/emo_voice/hook/pythonpath.ps1'
[4.230s] DEBUG:colcon.colcon_core.event_handler.log_command:Invoked command in '/media/michael/bach_SD_128GB/emo2/emo2.0/src/emo_voice' returned '0': PYTHONPATH=/media/michael/bach_SD_128GB/emo2/emo2.0/install/emo_voice/lib/python3.8/site-packages:${PYTHONPATH} /usr/bin/python3 setup.py egg_info --egg-base ../../build/emo_voice build --build-base /media/michael/bach_SD_128GB/emo2/emo2.0/build/emo_voice/build install --prefix /media/michael/bach_SD_128GB/emo2/emo2.0/install/emo_voice --record /media/michael/bach_SD_128GB/emo2/emo2.0/build/emo_voice/install.log --single-version-externally-managed
[4.231s] INFO:colcon.colcon_core.shell:Creating environment descriptor '/media/michael/bach_SD_128GB/emo2/emo2.0/install/emo_voice/share/emo_voice/hook/pythonpath.dsv'
[4.233s] INFO:colcon.colcon_core.shell:Creating environment hook '/media/michael/bach_SD_128GB/emo2/emo2.0/install/emo_voice/share/emo_voice/hook/pythonpath.sh'
[4.234s] Level 1:colcon.colcon_core.environment:create_environment_scripts_only(emo_voice)
[4.235s] INFO:colcon.colcon_core.shell:Creating package script '/media/michael/bach_SD_128GB/emo2/emo2.0/install/emo_voice/share/emo_voice/package.ps1'
[4.236s] INFO:colcon.colcon_core.shell:Creating package descriptor '/media/michael/bach_SD_128GB/emo2/emo2.0/install/emo_voice/share/emo_voice/package.dsv'
[4.236s] INFO:colcon.colcon_core.shell:Creating package script '/media/michael/bach_SD_128GB/emo2/emo2.0/install/emo_voice/share/emo_voice/package.sh'
[4.237s] INFO:colcon.colcon_core.shell:Creating package script '/media/michael/bach_SD_128GB/emo2/emo2.0/install/emo_voice/share/emo_voice/package.bash'
[4.238s] INFO:colcon.colcon_core.shell:Creating package script '/media/michael/bach_SD_128GB/emo2/emo2.0/install/emo_voice/share/emo_voice/package.zsh'
[4.239s] Level 1:colcon.colcon_core.environment:create_file_with_runtime_dependencies(/media/michael/bach_SD_128GB/emo2/emo2.0/install/emo_voice/share/colcon-core/packages/emo_voice)
[4.239s] DEBUG:colcon.colcon_parallel_executor.executor.parallel:closing loop
[4.240s] DEBUG:colcon.colcon_parallel_executor.executor.parallel:loop closed
[4.240s] DEBUG:colcon.colcon_parallel_executor.executor.parallel:run_until_complete finished with '0'
[4.240s] DEBUG:colcon.colcon_core.event_reactor:joining thread
[4.253s] INFO:colcon.colcon_core.plugin_system:Skipping extension 'colcon_notification.desktop_notification.terminal_notifier': Not used on non-Darwin systems
[4.253s] INFO:colcon.colcon_core.plugin_system:Skipping extension 'colcon_notification.desktop_notification.win32': Not used on non-Windows systems
[4.253s] INFO:colcon.colcon_notification.desktop_notification:Sending desktop notification using 'notify2'
[4.281s] DEBUG:colcon.colcon_core.event_reactor:joined thread
[4.282s] INFO:colcon.colcon_core.shell:Creating prefix script '/media/michael/bach_SD_128GB/emo2/emo2.0/install/local_setup.ps1'
[4.284s] INFO:colcon.colcon_core.shell:Creating prefix util module '/media/michael/bach_SD_128GB/emo2/emo2.0/install/_local_setup_util_ps1.py'
[4.286s] INFO:colcon.colcon_core.shell:Creating prefix chain script '/media/michael/bach_SD_128GB/emo2/emo2.0/install/setup.ps1'
[4.292s] INFO:colcon.colcon_core.shell:Creating prefix script '/media/michael/bach_SD_128GB/emo2/emo2.0/install/local_setup.sh'
[4.293s] INFO:colcon.colcon_core.shell:Creating prefix util module '/media/michael/bach_SD_128GB/emo2/emo2.0/install/_local_setup_util_sh.py'
[4.294s] INFO:colcon.colcon_core.shell:Creating prefix chain script '/media/michael/bach_SD_128GB/emo2/emo2.0/install/setup.sh'
[4.298s] INFO:colcon.colcon_core.shell:Creating prefix script '/media/michael/bach_SD_128GB/emo2/emo2.0/install/local_setup.bash'
[4.298s] INFO:colcon.colcon_core.shell:Creating prefix chain script '/media/michael/bach_SD_128GB/emo2/emo2.0/install/setup.bash'
[4.304s] INFO:colcon.colcon_core.shell:Creating prefix script '/media/michael/bach_SD_128GB/emo2/emo2.0/install/local_setup.zsh'
[4.305s] INFO:colcon.colcon_core.shell:Creating prefix chain script '/media/michael/bach_SD_128GB/emo2/emo2.0/install/setup.zsh'
