[1.002s] Invoking command in '/media/michael/bach_SD_128GB/emo2/emo2.0/src/emo_lidar': PYTHONPATH=/media/michael/bach_SD_128GB/emo2/emo2.0/install/emo_lidar/lib/python3.8/site-packages:${PYTHONPATH} /usr/bin/python3 setup.py egg_info --egg-base ../../build/emo_lidar build --build-base /media/michael/bach_SD_128GB/emo2/emo2.0/build/emo_lidar/build install --prefix /media/michael/bach_SD_128GB/emo2/emo2.0/install/emo_lidar --record /media/michael/bach_SD_128GB/emo2/emo2.0/build/emo_lidar/install.log --single-version-externally-managed
[1.393s] running egg_info
[1.394s] creating ../../build/emo_lidar/emo_lidar.egg-info
[1.395s] writing ../../build/emo_lidar/emo_lidar.egg-info/PKG-INFO
[1.396s] writing dependency_links to ../../build/emo_lidar/emo_lidar.egg-info/dependency_links.txt
[1.397s] writing entry points to ../../build/emo_lidar/emo_lidar.egg-info/entry_points.txt
[1.397s] writing requirements to ../../build/emo_lidar/emo_lidar.egg-info/requires.txt
[1.403s] writing top-level names to ../../build/emo_lidar/emo_lidar.egg-info/top_level.txt
[1.406s] writing manifest file '../../build/emo_lidar/emo_lidar.egg-info/SOURCES.txt'
[1.489s] reading manifest file '../../build/emo_lidar/emo_lidar.egg-info/SOURCES.txt'
[1.491s] writing manifest file '../../build/emo_lidar/emo_lidar.egg-info/SOURCES.txt'
[1.492s] running build
[1.492s] running build_py
[1.492s] creating /media/michael/bach_SD_128GB/emo2/emo2.0/build/emo_lidar/build
[1.494s] creating /media/michael/bach_SD_128GB/emo2/emo2.0/build/emo_lidar/build/lib
[1.494s] creating /media/michael/bach_SD_128GB/emo2/emo2.0/build/emo_lidar/build/lib/emo_lidar
[1.495s] copying emo_lidar/__init__.py -> /media/michael/bach_SD_128GB/emo2/emo2.0/build/emo_lidar/build/lib/emo_lidar
[1.495s] running install
[1.496s] running install_lib
[1.498s] creating /media/michael/bach_SD_128GB/emo2/emo2.0/install/emo_lidar/lib/python3.8/site-packages/emo_lidar
[1.509s] copying /media/michael/bach_SD_128GB/emo2/emo2.0/build/emo_lidar/build/lib/emo_lidar/__init__.py -> /media/michael/bach_SD_128GB/emo2/emo2.0/install/emo_lidar/lib/python3.8/site-packages/emo_lidar
[1.509s] byte-compiling /media/michael/bach_SD_128GB/emo2/emo2.0/install/emo_lidar/lib/python3.8/site-packages/emo_lidar/__init__.py to __init__.cpython-38.pyc
[1.511s] running install_data
[1.512s] creating /media/michael/bach_SD_128GB/emo2/emo2.0/install/emo_lidar/share/ament_index
[1.513s] creating /media/michael/bach_SD_128GB/emo2/emo2.0/install/emo_lidar/share/ament_index/resource_index
[1.513s] creating /media/michael/bach_SD_128GB/emo2/emo2.0/install/emo_lidar/share/ament_index/resource_index/packages
[1.513s] copying resource/emo_lidar -> /media/michael/bach_SD_128GB/emo2/emo2.0/install/emo_lidar/share/ament_index/resource_index/packages
[1.513s] copying package.xml -> /media/michael/bach_SD_128GB/emo2/emo2.0/install/emo_lidar/share/emo_lidar
[1.514s] running install_egg_info
[1.516s] Copying ../../build/emo_lidar/emo_lidar.egg-info to /media/michael/bach_SD_128GB/emo2/emo2.0/install/emo_lidar/lib/python3.8/site-packages/emo_lidar-0.0.0-py3.8.egg-info
[1.530s] running install_scripts
[1.580s] writing list of installed files to '/media/michael/bach_SD_128GB/emo2/emo2.0/build/emo_lidar/install.log'
[1.665s] Invoked command in '/media/michael/bach_SD_128GB/emo2/emo2.0/src/emo_lidar' returned '0': PYTHONPATH=/media/michael/bach_SD_128GB/emo2/emo2.0/install/emo_lidar/lib/python3.8/site-packages:${PYTHONPATH} /usr/bin/python3 setup.py egg_info --egg-base ../../build/emo_lidar build --build-base /media/michael/bach_SD_128GB/emo2/emo2.0/build/emo_lidar/build install --prefix /media/michael/bach_SD_128GB/emo2/emo2.0/install/emo_lidar --record /media/michael/bach_SD_128GB/emo2/emo2.0/build/emo_lidar/install.log --single-version-externally-managed
