[1.171s] Invoking command in '/media/michael/bach_SD_128GB/emo2/emo2.0/src/emo_proto': PYTHONPATH=/media/michael/bach_SD_128GB/emo2/emo2.0/install/emo_proto/lib/python3.8/site-packages:${PYTHONPATH} /usr/bin/python3 setup.py egg_info --egg-base ../../build/emo_proto build --build-base /media/michael/bach_SD_128GB/emo2/emo2.0/build/emo_proto/build install --prefix /media/michael/bach_SD_128GB/emo2/emo2.0/install/emo_proto --record /media/michael/bach_SD_128GB/emo2/emo2.0/build/emo_proto/install.log --single-version-externally-managed
[1.590s] running egg_info
[1.591s] creating ../../build/emo_proto/emo_proto.egg-info
[1.591s] writing ../../build/emo_proto/emo_proto.egg-info/PKG-INFO
[1.592s] writing dependency_links to ../../build/emo_proto/emo_proto.egg-info/dependency_links.txt
[1.592s] writing entry points to ../../build/emo_proto/emo_proto.egg-info/entry_points.txt
[1.592s] writing requirements to ../../build/emo_proto/emo_proto.egg-info/requires.txt
[1.593s] writing top-level names to ../../build/emo_proto/emo_proto.egg-info/top_level.txt
[1.595s] writing manifest file '../../build/emo_proto/emo_proto.egg-info/SOURCES.txt'
[1.660s] reading manifest file '../../build/emo_proto/emo_proto.egg-info/SOURCES.txt'
[1.661s] writing manifest file '../../build/emo_proto/emo_proto.egg-info/SOURCES.txt'
[1.662s] running build
[1.662s] running build_py
[1.662s] creating /media/michael/bach_SD_128GB/emo2/emo2.0/build/emo_proto/build
[1.662s] creating /media/michael/bach_SD_128GB/emo2/emo2.0/build/emo_proto/build/lib
[1.662s] creating /media/michael/bach_SD_128GB/emo2/emo2.0/build/emo_proto/build/lib/emo_proto
[1.663s] copying emo_proto/__init__.py -> /media/michael/bach_SD_128GB/emo2/emo2.0/build/emo_proto/build/lib/emo_proto
[1.663s] running install
[1.664s] running install_lib
[1.666s] creating /media/michael/bach_SD_128GB/emo2/emo2.0/install/emo_proto/lib/python3.8/site-packages/emo_proto
[1.666s] copying /media/michael/bach_SD_128GB/emo2/emo2.0/build/emo_proto/build/lib/emo_proto/__init__.py -> /media/michael/bach_SD_128GB/emo2/emo2.0/install/emo_proto/lib/python3.8/site-packages/emo_proto
[1.668s] byte-compiling /media/michael/bach_SD_128GB/emo2/emo2.0/install/emo_proto/lib/python3.8/site-packages/emo_proto/__init__.py to __init__.cpython-38.pyc
[1.676s] running install_data
[1.677s] creating /media/michael/bach_SD_128GB/emo2/emo2.0/install/emo_proto/share/ament_index
[1.677s] creating /media/michael/bach_SD_128GB/emo2/emo2.0/install/emo_proto/share/ament_index/resource_index
[1.677s] creating /media/michael/bach_SD_128GB/emo2/emo2.0/install/emo_proto/share/ament_index/resource_index/packages
[1.677s] copying resource/emo_proto -> /media/michael/bach_SD_128GB/emo2/emo2.0/install/emo_proto/share/ament_index/resource_index/packages
[1.677s] copying package.xml -> /media/michael/bach_SD_128GB/emo2/emo2.0/install/emo_proto/share/emo_proto
[1.678s] running install_egg_info
[1.678s] Copying ../../build/emo_proto/emo_proto.egg-info to /media/michael/bach_SD_128GB/emo2/emo2.0/install/emo_proto/lib/python3.8/site-packages/emo_proto-0.0.0-py3.8.egg-info
[1.678s] running install_scripts
[1.717s] writing list of installed files to '/media/michael/bach_SD_128GB/emo2/emo2.0/build/emo_proto/install.log'
[1.799s] Invoked command in '/media/michael/bach_SD_128GB/emo2/emo2.0/src/emo_proto' returned '0': PYTHONPATH=/media/michael/bach_SD_128GB/emo2/emo2.0/install/emo_proto/lib/python3.8/site-packages:${PYTHONPATH} /usr/bin/python3 setup.py egg_info --egg-base ../../build/emo_proto build --build-base /media/michael/bach_SD_128GB/emo2/emo2.0/build/emo_proto/build install --prefix /media/michael/bach_SD_128GB/emo2/emo2.0/install/emo_proto --record /media/michael/bach_SD_128GB/emo2/emo2.0/build/emo_proto/install.log --single-version-externally-managed
