[0.963s] Invoking command in '/media/michael/bach_SD_128GB/emo2/emo2.0/src/emo_power': PYTHONPATH=/media/michael/bach_SD_128GB/emo2/emo2.0/install/emo_power/lib/python3.8/site-packages:${PYTHONPATH} /usr/bin/python3 setup.py egg_info --egg-base ../../build/emo_power build --build-base /media/michael/bach_SD_128GB/emo2/emo2.0/build/emo_power/build install --prefix /media/michael/bach_SD_128GB/emo2/emo2.0/install/emo_power --record /media/michael/bach_SD_128GB/emo2/emo2.0/build/emo_power/install.log --single-version-externally-managed
[1.186s] running egg_info
[1.187s] creating ../../build/emo_power/emo_power.egg-info
[1.187s] writing ../../build/emo_power/emo_power.egg-info/PKG-INFO
[1.188s] writing dependency_links to ../../build/emo_power/emo_power.egg-info/dependency_links.txt
[1.188s] writing entry points to ../../build/emo_power/emo_power.egg-info/entry_points.txt
[1.188s] writing requirements to ../../build/emo_power/emo_power.egg-info/requires.txt
[1.189s] writing top-level names to ../../build/emo_power/emo_power.egg-info/top_level.txt
[1.190s] writing manifest file '../../build/emo_power/emo_power.egg-info/SOURCES.txt'
[1.238s] reading manifest file '../../build/emo_power/emo_power.egg-info/SOURCES.txt'
[1.239s] writing manifest file '../../build/emo_power/emo_power.egg-info/SOURCES.txt'
[1.239s] running build
[1.240s] running build_py
[1.240s] creating /media/michael/bach_SD_128GB/emo2/emo2.0/build/emo_power/build
[1.240s] creating /media/michael/bach_SD_128GB/emo2/emo2.0/build/emo_power/build/lib
[1.240s] creating /media/michael/bach_SD_128GB/emo2/emo2.0/build/emo_power/build/lib/emo_power
[1.240s] copying emo_power/__init__.py -> /media/michael/bach_SD_128GB/emo2/emo2.0/build/emo_power/build/lib/emo_power
[1.240s] running install
[1.241s] running install_lib
[1.243s] creating /media/michael/bach_SD_128GB/emo2/emo2.0/install/emo_power/lib/python3.8/site-packages/emo_power
[1.243s] copying /media/michael/bach_SD_128GB/emo2/emo2.0/build/emo_power/build/lib/emo_power/__init__.py -> /media/michael/bach_SD_128GB/emo2/emo2.0/install/emo_power/lib/python3.8/site-packages/emo_power
[1.244s] byte-compiling /media/michael/bach_SD_128GB/emo2/emo2.0/install/emo_power/lib/python3.8/site-packages/emo_power/__init__.py to __init__.cpython-38.pyc
[1.246s] running install_data
[1.247s] creating /media/michael/bach_SD_128GB/emo2/emo2.0/install/emo_power/share/ament_index
[1.247s] creating /media/michael/bach_SD_128GB/emo2/emo2.0/install/emo_power/share/ament_index/resource_index
[1.247s] creating /media/michael/bach_SD_128GB/emo2/emo2.0/install/emo_power/share/ament_index/resource_index/packages
[1.248s] copying resource/emo_power -> /media/michael/bach_SD_128GB/emo2/emo2.0/install/emo_power/share/ament_index/resource_index/packages
[1.248s] copying package.xml -> /media/michael/bach_SD_128GB/emo2/emo2.0/install/emo_power/share/emo_power
[1.248s] running install_egg_info
[1.253s] Copying ../../build/emo_power/emo_power.egg-info to /media/michael/bach_SD_128GB/emo2/emo2.0/install/emo_power/lib/python3.8/site-packages/emo_power-0.0.0-py3.8.egg-info
[1.253s] running install_scripts
[1.284s] writing list of installed files to '/media/michael/bach_SD_128GB/emo2/emo2.0/build/emo_power/install.log'
[1.330s] Invoked command in '/media/michael/bach_SD_128GB/emo2/emo2.0/src/emo_power' returned '0': PYTHONPATH=/media/michael/bach_SD_128GB/emo2/emo2.0/install/emo_power/lib/python3.8/site-packages:${PYTHONPATH} /usr/bin/python3 setup.py egg_info --egg-base ../../build/emo_power build --build-base /media/michael/bach_SD_128GB/emo2/emo2.0/build/emo_power/build install --prefix /media/michael/bach_SD_128GB/emo2/emo2.0/install/emo_power --record /media/michael/bach_SD_128GB/emo2/emo2.0/build/emo_power/install.log --single-version-externally-managed
