[0.816s] Invoking command in '/media/michael/bach_SD_128GB/emo2/emo2.0/src/emo_vision': PYTHONPATH=/media/michael/bach_SD_128GB/emo2/emo2.0/install/emo_vision/lib/python3.8/site-packages:${PYTHONPATH} /usr/bin/python3 setup.py egg_info --egg-base ../../build/emo_vision build --build-base /media/michael/bach_SD_128GB/emo2/emo2.0/build/emo_vision/build install --prefix /media/michael/bach_SD_128GB/emo2/emo2.0/install/emo_vision --record /media/michael/bach_SD_128GB/emo2/emo2.0/build/emo_vision/install.log --single-version-externally-managed
[1.351s] running egg_info
[1.351s] creating ../../build/emo_vision/emo_vision.egg-info
[1.351s] writing ../../build/emo_vision/emo_vision.egg-info/PKG-INFO
[1.351s] writing dependency_links to ../../build/emo_vision/emo_vision.egg-info/dependency_links.txt
[1.351s] writing entry points to ../../build/emo_vision/emo_vision.egg-info/entry_points.txt
[1.352s] writing requirements to ../../build/emo_vision/emo_vision.egg-info/requires.txt
[1.352s] writing top-level names to ../../build/emo_vision/emo_vision.egg-info/top_level.txt
[1.366s] writing manifest file '../../build/emo_vision/emo_vision.egg-info/SOURCES.txt'
[1.446s] reading manifest file '../../build/emo_vision/emo_vision.egg-info/SOURCES.txt'
[1.447s] writing manifest file '../../build/emo_vision/emo_vision.egg-info/SOURCES.txt'
[1.448s] running build
[1.449s] running build_py
[1.449s] creating /media/michael/bach_SD_128GB/emo2/emo2.0/build/emo_vision/build
[1.449s] creating /media/michael/bach_SD_128GB/emo2/emo2.0/build/emo_vision/build/lib
[1.450s] creating /media/michael/bach_SD_128GB/emo2/emo2.0/build/emo_vision/build/lib/emo_vision
[1.450s] copying emo_vision/__init__.py -> /media/michael/bach_SD_128GB/emo2/emo2.0/build/emo_vision/build/lib/emo_vision
[1.450s] running install
[1.450s] running install_lib
[1.461s] creating /media/michael/bach_SD_128GB/emo2/emo2.0/install/emo_vision/lib/python3.8/site-packages/emo_vision
[1.461s] copying /media/michael/bach_SD_128GB/emo2/emo2.0/build/emo_vision/build/lib/emo_vision/__init__.py -> /media/michael/bach_SD_128GB/emo2/emo2.0/install/emo_vision/lib/python3.8/site-packages/emo_vision
[1.462s] byte-compiling /media/michael/bach_SD_128GB/emo2/emo2.0/install/emo_vision/lib/python3.8/site-packages/emo_vision/__init__.py to __init__.cpython-38.pyc
[1.462s] running install_data
[1.462s] creating /media/michael/bach_SD_128GB/emo2/emo2.0/install/emo_vision/share/ament_index
[1.462s] creating /media/michael/bach_SD_128GB/emo2/emo2.0/install/emo_vision/share/ament_index/resource_index
[1.462s] creating /media/michael/bach_SD_128GB/emo2/emo2.0/install/emo_vision/share/ament_index/resource_index/packages
[1.462s] copying resource/emo_vision -> /media/michael/bach_SD_128GB/emo2/emo2.0/install/emo_vision/share/ament_index/resource_index/packages
[1.463s] copying package.xml -> /media/michael/bach_SD_128GB/emo2/emo2.0/install/emo_vision/share/emo_vision
[1.463s] running install_egg_info
[1.470s] Copying ../../build/emo_vision/emo_vision.egg-info to /media/michael/bach_SD_128GB/emo2/emo2.0/install/emo_vision/lib/python3.8/site-packages/emo_vision-0.0.0-py3.8.egg-info
[1.472s] running install_scripts
[1.502s] writing list of installed files to '/media/michael/bach_SD_128GB/emo2/emo2.0/build/emo_vision/install.log'
[1.540s] Invoked command in '/media/michael/bach_SD_128GB/emo2/emo2.0/src/emo_vision' returned '0': PYTHONPATH=/media/michael/bach_SD_128GB/emo2/emo2.0/install/emo_vision/lib/python3.8/site-packages:${PYTHONPATH} /usr/bin/python3 setup.py egg_info --egg-base ../../build/emo_vision build --build-base /media/michael/bach_SD_128GB/emo2/emo2.0/build/emo_vision/build install --prefix /media/michael/bach_SD_128GB/emo2/emo2.0/install/emo_vision --record /media/michael/bach_SD_128GB/emo2/emo2.0/build/emo_vision/install.log --single-version-externally-managed
